
******************************************************************************
This program contains Ipopt, a library for large-scale nonlinear optimization.
 Ipopt is released as open source code under the Eclipse Public License (EPL).
         For more information visit http://projects.coin-or.org/Ipopt
******************************************************************************

This is Ipopt version 3.12, running with linear solver ma57.

Number of nonzeros in equality constraint Jacobian...:        0
Number of nonzeros in inequality constraint Jacobian.:        0
Number of nonzeros in Lagrangian Hessian.............:        0

Total number of variables............................:     6648
                     variables with only lower bounds:        0
                variables with lower and upper bounds:     6648
                     variables with only upper bounds:        0
Total number of equality constraints.................:        0
Total number of inequality constraints...............:        0
        inequality constraints with only lower bounds:        0
   inequality constraints with lower and upper bounds:        0
        inequality constraints with only upper bounds:        0

iter    objective    inf_pr   inf_du lg(mu)  ||d||  lg(rg) alpha_du alpha_pr  ls
   0 1.9192386e+002 0.00e+000 2.69e-002   0.0 0.00e+000    -  0.00e+000 0.00e+000   0
   1 1.9191995e+002 0.00e+000 2.69e-002  -2.9 2.69e-002    -  9.90e-001 1.00e+000f  1
   2 7.3377290e+001 0.00e+000 7.58e-003  -4.9 1.01e+003    -  5.41e-001 1.00e+000f  1
   3 4.2079807e+001 0.00e+000 1.60e-003  -0.1 3.55e+002    -  9.91e-001 8.70e-001f  1
   4 1.8551133e+001 0.00e+000 3.35e-003  -1.1 4.35e+002    -  9.96e-001 1.00e+000f  1
   5 6.9565773e+000 0.00e+000 1.10e-003  -2.1 4.14e+002    -  1.00e+000 9.68e-001f  1
   6 3.1138553e+000 0.00e+000 4.03e-004  -8.0 3.79e+002    -  8.28e-001 7.75e-001f  1
   7 1.7980269e+000 0.00e+000 2.26e-004  -4.0 3.54e+002    -  9.98e-001 6.46e-001f  1
   8 1.2855900e+000 0.00e+000 2.42e-004  -5.0 3.94e+002    -  1.00e+000 4.95e-001f  1
   9 9.1004642e-001 0.00e+000 6.19e-004  -5.4 7.33e+002    -  1.00e+000 3.20e-001f  1
iter    objective    inf_pr   inf_du lg(mu)  ||d||  lg(rg) alpha_du alpha_pr  ls
  10 6.9778178e-001 0.00e+000 6.18e-004  -6.2 8.61e+002    -  9.22e-001 2.31e-001f  1
  11 4.2297465e-001 0.00e+000 4.13e-004  -6.5 1.09e+003    -  9.93e-001 3.62e-001f  1
  12 4.1632523e-001 0.00e+000 4.49e-004  -8.1 8.03e+002    -  7.65e-001 1.38e-002f  1
  13 3.4043631e-001 0.00e+000 3.38e-004  -8.5 1.28e+003    -  7.28e-001 1.19e-001f  1
  14 1.8448965e-001 0.00e+000 1.96e-004  -6.5 1.15e+003    -  5.63e-001 2.94e-001f  1
  15 1.7468939e-001 0.00e+000 1.78e-004  -7.9 4.40e+002    -  8.89e-001 5.88e-002f  1
  16 1.6086748e-001 0.00e+000 1.65e-004  -5.5 8.82e+002    -  1.47e-001 6.71e-002f  1
  17 1.0324332e-001 0.00e+000 1.03e-004  -5.3 6.42e+002    -  1.23e-001 2.55e-001f  1
  18 9.5698254e-002 0.00e+000 6.02e-005 -11.0 4.68e+002    -  1.26e-001 3.10e-002f  1
  19 9.5174227e-002 0.00e+000 6.14e-005 -11.0 1.23e+003    -  3.86e-002 1.24e-003f  1
iter    objective    inf_pr   inf_du lg(mu)  ||d||  lg(rg) alpha_du alpha_pr  ls
  20 9.4146340e-002 0.00e+000 6.25e-005  -5.8 1.53e+003    -  2.59e-002 2.16e-003f  1
  21 7.8206097e-002 0.00e+000 5.20e-005  -8.1 4.10e+002    -  2.81e-002 1.02e-001f  1
  22 6.8488977e-002 0.00e+000 6.45e-005  -6.8 2.88e+003    -  6.85e-003 5.06e-002f  1
  23 6.7413251e-002 0.00e+000 6.37e-005 -11.0 3.71e+003    -  1.19e-002 4.45e-003f  1
  24 6.7391614e-002 0.00e+000 6.40e-005  -6.9 1.10e+004    -  1.90e-001 9.88e-005f  1
  25 6.5913670e-002 0.00e+000 6.07e-005  -7.0 1.91e+003    -  5.38e-001 1.41e-002f  1
  26 6.5352067e-002 0.00e+000 6.19e-005  -6.9 5.62e+003    -  3.02e-002 1.58e-003f  1
  27 5.9313193e-002 0.00e+000 5.19e-005  -6.1 3.10e+003    -  4.08e-001 3.49e-002f  1
  28 2.0053980e-002 0.00e+000 3.43e-005  -6.8 6.49e+003    -  6.65e-002 1.20e-001f  1
  29 1.6502508e-002 0.00e+000 1.62e-005  -7.5 3.65e+003    -  7.04e-002 4.09e-002f  1
iter    objective    inf_pr   inf_du lg(mu)  ||d||  lg(rg) alpha_du alpha_pr  ls
  30 1.1610757e-002 0.00e+000 7.15e-006  -8.4 6.33e+002    -  5.12e-001 1.25e-001f  1
  31 1.0198333e-002 0.00e+000 1.30e-005  -8.1 5.11e+003    -  9.12e-002 2.86e-002f  1
  32 7.7140044e-003 0.00e+000 6.79e-005  -8.7 2.92e+003    -  1.82e-001 1.63e-001f  1
  33 3.9674668e-003 0.00e+000 5.50e-005  -7.1 8.86e+003    -  6.70e-002 4.10e-002f  1
  34 3.9374378e-003 0.00e+000 5.52e-005  -8.4 1.01e+002    -  4.76e-001 2.79e-003f  1
  35 9.7093071e-004 0.00e+000 7.29e-006  -6.0 5.37e+001    -  2.45e-001 8.44e-001f  1
  36 7.6821327e-004 0.00e+000 1.66e-005  -8.6 7.60e+001    -  1.79e-001 2.16e-001f  2
  37 5.0186292e-004 0.00e+000 1.56e-005  -8.5 1.06e+002    -  2.15e-001 1.03e-001f  1
  38 2.9622329e-004 0.00e+000 1.15e-005  -7.3 4.72e+001    -  6.25e-001 2.75e-001f  1
  39 2.4083615e-004 0.00e+000 1.89e-005  -9.1 1.93e+002    -  6.84e-002 2.22e-001f  1
iter    objective    inf_pr   inf_du lg(mu)  ||d||  lg(rg) alpha_du alpha_pr  ls
  40 1.4072858e-004 0.00e+000 1.49e-005  -7.5 9.26e+002    -  8.33e-002 7.35e-003f  1
  41 1.0256352e-004 0.00e+000 8.38e-006  -7.8 8.44e+001    -  3.69e-001 1.13e-001f  3
  42 6.8292475e-005 0.00e+000 8.22e-006 -11.0 2.05e+002    -  1.38e-001 6.98e-002f  1
  43 4.4862117e-005 0.00e+000 2.75e-006  -7.3 3.52e+003    -  3.20e-002 7.94e-003f  2
  44 1.5829839e-006 0.00e+000 5.15e-007  -8.1 3.43e+001    -  8.02e-001 8.14e-001f  1
  45 8.6830759e-008 0.00e+000 1.92e-007 -11.0 3.93e+000    -  9.49e-001 1.00e+000f  1
  46 4.5476395e-008 0.00e+000 1.57e-007  -8.2 1.37e+001    -  2.67e-001 4.36e-002f  4
  47 2.8564135e-010 0.00e+000 1.25e-008  -9.7 4.19e-001    -  9.72e-001 1.00e+000f  1
  48 2.3343568e-010 0.00e+000 1.75e-008 -11.0 2.13e-001    -  9.37e-001 2.50e-001f  3
  49 2.2277027e-009 0.00e+000 5.40e-008  -9.2 3.28e+000    -  2.76e-001 2.20e-001f  3
iter    objective    inf_pr   inf_du lg(mu)  ||d||  lg(rg) alpha_du alpha_pr  ls
  50 9.5084238e-010 0.00e+000 4.03e-008  -9.8 8.86e-002    -  1.00e+000 1.00e+000f  1
  51 3.0520206e-010 0.00e+000 1.98e-008  -9.8 8.43e+000    -  3.14e-001 5.27e-002f  2
  52 2.6501899e-010 0.00e+000 1.89e-008  -9.8 1.63e-001    -  1.00e+000 2.50e-001f  3
  53 8.3618711e-011 0.00e+000 8.87e-009  -9.8 1.43e+000    -  1.00e+000 2.50e-001f  3

Number of Iterations....: 53

                                   (scaled)                 (unscaled)
Objective...............:  8.3618710913060917e-011   8.3618710913060917e-011
Dual infeasibility......:  8.8743485068812254e-009   8.8743485068812254e-009
Constraint violation....:  0.0000000000000000e+000   0.0000000000000000e+000
Complementarity.........:  1.5256353618570845e-010   1.5256353618570845e-010
Overall NLP error.......:  8.8743485068812254e-009   8.8743485068812254e-009


Number of objective function evaluations             = 106
Number of objective gradient evaluations             = 54
Number of equality constraint evaluations            = 0
Number of inequality constraint evaluations          = 0
Number of equality constraint Jacobian evaluations   = 0
Number of inequality constraint Jacobian evaluations = 0
Number of Lagrangian Hessian evaluations             = 0
Total CPU secs in IPOPT (w/o function evaluations)   =      0.830
Total CPU secs in NLP function evaluations           =      4.100

EXIT: Optimal Solution Found.
