This is Ipopt version 3.12, running with linear solver ma57.

Number of nonzeros in equality constraint Jacobian...:        0
Number of nonzeros in inequality constraint Jacobian.:        0
Number of nonzeros in Lagrangian Hessian.............:        0

Total number of variables............................:     6648
                     variables with only lower bounds:        0
                variables with lower and upper bounds:     6648
                     variables with only upper bounds:        0
Total number of equality constraints.................:        0
Total number of inequality constraints...............:        0
        inequality constraints with only lower bounds:        0
   inequality constraints with lower and upper bounds:        0
        inequality constraints with only upper bounds:        0

iter    objective    inf_pr   inf_du lg(mu)  ||d||  lg(rg) alpha_du alpha_pr  ls
   0 1.9537130e+021 0.00e+000 6.80e+008   0.0 0.00e+000    -  0.00e+000 0.00e+000   0
   1 1.3342635e+021 0.00e+000 5.35e+008   5.2 6.79e+008    -  2.37e-006 2.37e-006f  1
   2 1.3274209e+021 0.00e+000 5.34e+008   3.2 5.93e+003    -  1.00e+000 2.71e-003f  1
   3 1.3273344e+021 0.00e+000 5.09e+008   3.4 4.80e+003    -  1.00e+000 3.36e-005f  1
   4 1.1491312e+021 0.00e+000 2.65e+008   3.7 2.82e+003    -  1.00e+000 7.41e-002f  1
   5 7.3880574e+020 0.00e+000 3.94e+008   3.4 2.76e+003    -  9.78e-001 1.98e-001f  1
   6 7.3511082e+020 0.00e+000 3.96e+008   5.4 2.19e+003    -  5.45e-001 2.50e-003f  1
   7 7.3318553e+020 0.00e+000 3.84e+008   4.9 1.95e+003    -  1.00e+000 1.34e-003f  1
   8 5.8223685e+020 0.00e+000 3.45e+008   4.2 2.05e+003    -  1.00e+000 1.09e-001f  1
   9 5.7947169e+020 0.00e+000 3.43e+008   3.7 1.31e+003    -  1.00e+000 2.40e-003f  1
iter    objective    inf_pr   inf_du lg(mu)  ||d||  lg(rg) alpha_du alpha_pr  ls
  10 2.3536772e+020 0.00e+000 2.17e+008   3.2 1.37e+003    -  1.00e+000 3.65e-001f  1
  11 2.3275062e+020 0.00e+000 2.16e+008   2.5 8.97e+002    -  1.00e+000 5.58e-003f  1
  12 2.1752246e+020 0.00e+000 2.10e+008   1.9 7.82e+002    -  1.00e+000 3.36e-002f  1
  13 9.1293626e+019 0.00e+000 1.36e+008   0.9 7.95e+002    -  1.00e+000 3.53e-001f  1
  14 9.0234230e+019 0.00e+000 1.37e+008   0.1 4.81e+002    -  1.00e+000 5.83e-003f  1
  15 7.0973301e+019 0.00e+000 1.22e+008  -0.7 4.34e+002    -  1.00e+000 1.14e-001f  1
  16 4.6083989e+018 0.00e+000 3.02e+007  -0.9 4.01e+002    -  1.00e+000 7.47e-001f  1
  17 4.3654547e+018 0.00e+000 3.06e+007  -1.7 1.11e+002    -  1.00e+000 2.69e-002f  1
  18 4.3439838e+018 0.00e+000 3.12e+007  -1.9 1.11e+002    -  1.00e+000 2.49e-003f  1
  19 7.0598731e+017 0.00e+000 1.24e+007  -1.8 1.18e+002    -  1.00e+000 6.00e-001f  1
iter    objective    inf_pr   inf_du lg(mu)  ||d||  lg(rg) alpha_du alpha_pr  ls
  20 6.8677506e+017 0.00e+000 1.27e+007  -2.7 5.11e+001    -  1.00e+000 1.38e-002f  1
  21 6.7334479e+017 0.00e+000 1.29e+007  -2.9 5.03e+001    -  1.00e+000 9.99e-003f  1
  22 1.9949430e+015 0.00e+000 3.03e+005  -3.0 5.29e+001    -  1.00e+000 1.00e+000f  1
  23 1.1058846e+015 0.00e+000 2.20e+005  -3.8 1.91e+000    -  1.00e+000 1.00e+000f  1
  24 5.9620839e+012 0.00e+000 6.51e+003  -1.2 5.40e+000    -  9.94e-001 1.00e+000f  1
  25 5.9614013e+012 0.00e+000 8.75e+001  -1.2 1.51e-003    -  9.87e-001 1.00e+000f  1
  26 5.7139284e+012 0.00e+000 9.92e+003  -7.3 4.40e+001    -  2.04e-001 3.12e-002f  6
  27 5.6660658e+012 0.00e+000 1.01e+004  -2.5 2.23e+001    -  1.00e+000 4.70e-003f  1
  28 8.8060493e+011 0.00e+000 2.18e+000  -0.5 2.11e+001    -  9.90e-001 1.00e+000f  1
  29 8.8055773e+011 0.00e+000 5.67e+000  -6.6 2.13e-002    -  9.62e-001 1.00e+000f  1
iter    objective    inf_pr   inf_du lg(mu)  ||d||  lg(rg) alpha_du alpha_pr  ls
  30 2.0695331e+011 0.00e+000 8.38e+002  -1.3 1.06e+003    -  8.26e-001 4.44e-001f  1
  31 2.0580339e+011 0.00e+000 1.52e+003   0.6 5.52e+005    -  2.78e-003 3.45e-006f  8
  32 1.6906855e+011 0.00e+000 1.38e+003  -1.8 3.39e+002    -  1.00e+000 1.01e-001f  1
  33 1.6909898e+011 0.00e+000 1.69e+003   0.2 4.38e+003    -  7.75e-002 1.89e-004f 11
  34 2.2567613e+010 0.00e+000 6.11e+002  -0.9 3.17e+002    -  1.00e+000 6.40e-001f  1
  35 2.0666359e+010 0.00e+000 1.96e+002  -6.9 2.60e+001    -  9.46e-001 2.50e-001f  3
  36 2.0266528e+010 0.00e+000 1.93e+002  -0.2 1.86e+004    -  1.08e-003 6.79e-005f  1
  37 2.0286002e+010 0.00e+000 9.42e+001  -0.8 1.02e+004    -  1.83e-001 6.69e-004f  9
  38 1.8088769e+010 0.00e+000 8.66e+001  -1.6 3.53e+003    -  2.36e-003 4.26e-002f  1
  39 1.8899996e+010 0.00e+000 8.94e+002   0.4 2.74e+004    -  2.83e-001 8.47e-003f  4
iter    objective    inf_pr   inf_du lg(mu)  ||d||  lg(rg) alpha_du alpha_pr  ls
  40 1.0882010e+010 0.00e+000 6.99e+002  -0.3 2.45e+003    -  1.52e-001 1.58e-001f  1
  41 3.1045085e+009 0.00e+000 6.73e+001  -1.2 1.39e+003    -  2.00e-001 1.00e+000f  1
  42 1.1261950e+010 0.00e+000 2.60e+002   0.6 2.62e+004    -  1.60e-001 1.85e-002f  2
  43 8.6307844e+009 0.00e+000 2.39e+001  -0.1 9.41e+003    -  7.31e-001 1.32e-001f  1
  44 4.2352077e+009 0.00e+000 6.60e+002  -0.1 3.99e+003    -  2.34e-001 2.01e-001f  3
  45 2.4500163e+009 0.00e+000 8.81e+002  -0.1 9.73e+002    -  5.45e-001 5.00e-001f  2
  46 1.9171439e+008 0.00e+000 1.28e+002   0.5 1.84e+004    -  9.15e-002 3.75e-002f  2
  47 1.1783011e+008 0.00e+000 1.24e+002  -0.8 9.50e+002    -  7.60e-001 3.99e-001f  2
  48 1.4471033e+008 0.00e+000 8.97e+001  -0.8 8.17e+002    -  8.30e-001 1.25e-001f  4
  49 4.5154324e+007 0.00e+000 1.13e+002  -0.8 4.43e+003    -  1.75e-001 1.69e-001f  1
iter    objective    inf_pr   inf_du lg(mu)  ||d||  lg(rg) alpha_du alpha_pr  ls
  50 2.5496789e+007 0.00e+000 8.24e+001  -1.4 4.29e+002    -  1.00e+000 3.90e-001f  1
  51 1.1869606e+006 0.00e+000 6.62e+000  -1.4 3.40e+003    -  4.84e-001 4.17e-001f  1
  52 2.8038348e+005 0.00e+000 2.34e+000  -3.0 3.13e+001    -  1.00e+000 1.00e+000f  1
  53 2.5236334e+005 0.00e+000 1.92e+000  -3.4 8.56e+002    -  1.00e+000 2.95e-002f  5
  54 9.0766757e+004 0.00e+000 1.41e+000  -2.5 1.37e+003    -  1.00e+000 1.75e-001f  2
  55 8.7658617e+004 0.00e+000 5.60e+000  -3.5 1.28e+002    -  8.41e-001 5.00e-001f  2
  56 5.7709471e+004 0.00e+000 1.58e+000  -3.8 2.27e+003    -  3.60e-001 1.25e-001f  4
  57 3.6550783e+004 0.00e+000 3.31e+000  -3.4 1.91e+003    -  9.70e-001 4.18e-001f  2
  58 1.3841542e+003 0.00e+000 3.89e-001  -4.3 2.52e+002    -  1.00e+000 1.00e+000f  1
  59 5.9879116e+002 0.00e+000 1.89e-001  -5.8 9.40e-003  -4.0 1.00e+000 1.00e+000f  1
iter    objective    inf_pr   inf_du lg(mu)  ||d||  lg(rg) alpha_du alpha_pr  ls
  60 1.0215022e+002 0.00e+000 1.29e-002  -4.1 3.47e+004    -  1.00e+000 1.09e-003f  5
  61 1.0496845e+002 0.00e+000 3.20e-002  -4.9 1.48e+002    -  1.00e+000 7.81e-003f  8
  62 1.8322586e+002 0.00e+000 1.63e-002  -5.0 7.04e+002    -  1.00e+000 2.42e-001f  3
  63 2.0271199e+002 0.00e+000 3.66e-002  -5.0 5.30e+002    -  8.83e-001 6.02e-002f  5
  64 3.5477364e+002 0.00e+000 5.06e-003  -5.0 1.13e+003    -  1.00e+000 4.56e-001f  2
  65 1.0423270e+002 0.00e+000 3.36e-002  -5.0 2.86e+002    -  1.00e+000 1.00e+000f  1
  66 1.3359867e+002 0.00e+000 1.39e-001  -5.0 2.92e+002    -  1.00e+000 3.12e-002f  6
  67 2.2806645e+002 0.00e+000 1.09e-002  -5.0 2.96e+002    -  1.00e+000 5.00e-001f  2
  68 8.3887810e+001 0.00e+000 3.98e-002  -5.0 1.46e+002    -  1.00e+000 1.00e+000f  1
  69 6.2817078e+001 0.00e+000 3.91e-002  -5.0 1.61e+002    -  1.00e+000 1.25e-001f  4
iter    objective    inf_pr   inf_du lg(mu)  ||d||  lg(rg) alpha_du alpha_pr  ls
  70 1.3674536e+000 0.00e+000 5.60e-003  -6.4 9.17e+000    -  1.00e+000 1.00e+000f  1
  71 3.6899557e-001 0.00e+000 6.28e-003  -7.1 1.39e+002    -  1.00e+000 1.25e-001f  4
  72 4.5023922e-001 0.00e+000 2.57e-003  -7.2 9.10e+002    -  7.71e-001 6.40e-003f  7
  73 2.3883131e-001 0.00e+000 9.75e-003  -7.2 2.79e-005  -4.5 1.00e+000 1.00e+000f  1
  74 7.7543908e-001 0.00e+000 3.26e-003  -7.2 3.55e+002    -  1.00e+000 6.25e-002f  5
  75 9.9901894e-002 0.00e+000 1.07e-003  -7.2 3.69e-004  -5.0 1.00e+000 1.00e+000f  1
  76 6.4408659e-003 0.00e+000 1.52e-003  -8.7 1.01e+001    -  1.00e+000 1.00e+000f  1
  77 4.7897925e-003 0.00e+000 8.28e-004  -8.8 5.00e-004  -5.4 1.00e+000 6.25e-002f  5
  78 4.7414108e-003 0.00e+000 4.51e-004  -8.8 2.52e+002    -  1.00e+000 1.95e-003f 10
  79 1.1511496e-003 0.00e+000 5.03e-004  -8.8 9.16e-005  -5.9 1.00e+000 5.00e-001f  2
iter    objective    inf_pr   inf_du lg(mu)  ||d||  lg(rg) alpha_du alpha_pr  ls
  80 2.7735940e-003 0.00e+000 9.54e-004  -8.8 3.03e+002    -  1.00e+000 1.56e-002f  7
  81 1.0349302e-003 0.00e+000 4.86e-004  -8.8 5.93e+002    -  6.72e-001 2.81e-003f  9
  82 4.2578316e-003 0.00e+000 1.09e-003  -8.8 2.41e+002    -  1.00e+000 3.12e-002f  6
  83 1.8178777e-003 0.00e+000 9.16e-005  -8.8 1.09e-003    -  1.00e+000 1.53e-005f 17
  84 1.6348707e-003 0.00e+000 5.80e-005 -12.3 1.03e-009    -  1.00e+000 1.00e+000f  1
  85 1.5579483e-003 0.00e+000 6.12e-005 -12.3 1.40e-009    -  1.00e+000 1.00e+000f  1
  86 1.5396054e-003 0.00e+000 2.23e-006 -12.3 1.75e-009    -  1.00e+000 1.00e+000f  1
  87 1.5395331e-003 0.00e+000 3.19e-007 -12.3 3.84e-011    -  1.00e+000 1.00e+000f  1
  88 1.5391724e-003 0.00e+000 5.10e-006 -12.3 7.45e-011    -  1.00e+000 1.00e+000f  1
  89 1.5363412e-003 0.00e+000 1.72e-005 -12.3 6.18e-010    -  1.00e+000 1.00e+000f  1
iter    objective    inf_pr   inf_du lg(mu)  ||d||  lg(rg) alpha_du alpha_pr  ls
  90 1.5339670e-003 0.00e+000 3.51e-005 -12.3 7.38e-009    -  1.00e+000 1.25e-001f  4
  91 1.5176890e-003 0.00e+000 2.65e-004 -12.3 4.05e-008    -  1.00e+000 1.00e+000f  1
  92 1.2918700e-003 0.00e+000 1.39e-004 -12.3 1.57e-008    -  1.00e+000 1.00e+000f  1
  93 8.3986833e-004 0.00e+000 3.25e-005 -12.3 1.22e-007    -  1.00e+000 1.00e+000f  1
  94 8.2962363e-004 0.00e+000 1.78e-004 -12.3 8.24e-007    -  1.00e+000 1.25e-001f  4
  95 7.3157203e-004 0.00e+000 2.14e-005 -12.3 1.43e-008    -  1.00e+000 1.00e+000f  1
  96 7.2785287e-004 0.00e+000 3.18e-007 -12.3 1.53e-008    -  1.00e+000 1.00e+000f  1
  97 7.2785247e-004 0.00e+000 1.52e-009 -12.3 2.25e-008    -  1.00e+000 3.05e-005f 16

Number of Iterations....: 97

                                   (scaled)                 (unscaled)
Objective...............:  7.2785246597887546e-012   7.2785246597887546e-004
Dual infeasibility......:  1.5155976269717422e-009   1.5155976269717422e-001
Constraint violation....:  0.0000000000000000e+000   0.0000000000000000e+000
Complementarity.........:  5.0000000011321589e-013   5.0000000011321587e-005
Overall NLP error.......:  1.5155976269717422e-009   1.5155976269717422e-001


Number of objective function evaluations             = 414
Number of objective gradient evaluations             = 98
Number of equality constraint evaluations            = 0
Number of inequality constraint evaluations          = 0
Number of equality constraint Jacobian evaluations   = 0
Number of inequality constraint Jacobian evaluations = 0
Number of Lagrangian Hessian evaluations             = 0
Total CPU secs in IPOPT (w/o function evaluations)   =      2.034
Total CPU secs in NLP function evaluations           =      0.219

EXIT: Optimal Solution Found.
