This is Ipopt version 3.12, running with linear solver ma57.

Number of nonzeros in equality constraint Jacobian...:        0
Number of nonzeros in inequality constraint Jacobian.:        0
Number of nonzeros in Lagrangian Hessian.............:        0

Total number of variables............................:     6648
                     variables with only lower bounds:        0
                variables with lower and upper bounds:     6648
                     variables with only upper bounds:        0
Total number of equality constraints.................:        0
Total number of inequality constraints...............:        0
        inequality constraints with only lower bounds:        0
   inequality constraints with lower and upper bounds:        0
        inequality constraints with only upper bounds:        0

iter    objective    inf_pr   inf_du lg(mu)  ||d||  lg(rg) alpha_du alpha_pr  ls
   0 1.7780659e+002 0.00e+000 2.59e-002   0.0 0.00e+000    -  0.00e+000 0.00e+000   0
   1 1.7780299e+002 0.00e+000 2.58e-002  -3.1 2.58e-002    -  9.90e-001 1.00e+000f  1
   2 1.1988422e+002 0.00e+000 1.34e-002  -5.1 6.43e+002    -  3.93e-001 8.08e-001f  1
   3 5.8059315e+001 0.00e+000 5.76e-003   0.2 9.70e+002    -  1.00e+000 7.91e-001f  1
   4 3.0173205e+001 0.00e+000 3.83e-003  -0.7 6.88e+002    -  5.51e-001 1.00e+000f  1
   5 1.6279962e+001 0.00e+000 2.56e-003  -6.1 5.41e+002    -  5.78e-001 1.00e+000f  1
   6 1.2696363e+001 0.00e+000 8.86e-004  -1.1 4.81e+002    -  9.90e-001 1.00e+000f  1
   7 7.6918290e+000 0.00e+000 9.08e-004  -1.9 7.12e+002    -  7.68e-001 1.00e+000f  1
   8 5.4971044e+000 0.00e+000 3.51e-004  -2.2 3.39e+002    -  9.92e-001 1.00e+000f  1
   9 1.8848751e+000 0.00e+000 2.89e-004  -3.3 2.84e+002    -  8.82e-001 1.00e+000f  1
iter    objective    inf_pr   inf_du lg(mu)  ||d||  lg(rg) alpha_du alpha_pr  ls
  10 1.2177324e+000 0.00e+000 5.01e-004  -8.9 5.28e+002    -  2.32e-001 4.97e-001f  1
  11 5.1200086e-001 0.00e+000 5.12e-004  -4.1 2.38e+003    -  1.30e-001 5.75e-001f  1
  12 4.9601532e-001 0.00e+000 2.43e-004  -5.2 1.10e+003    -  6.18e-001 1.67e-002f  1
  13 2.9443236e-001 0.00e+000 6.27e-005  -4.7 9.73e+002    -  7.08e-001 3.32e-001f  1
  14 8.3773831e-002 0.00e+000 9.65e-005  -4.6 5.70e+002    -  9.17e-001 8.66e-001f  1
  15 6.8801929e-002 0.00e+000 1.29e-004  -6.3 1.87e+002    -  2.84e-001 3.44e-001f  1
  16 6.3217041e-002 0.00e+000 8.15e-005  -6.6 3.09e+002    -  1.92e-001 5.98e-002f  1
  17 5.9514025e-002 0.00e+000 8.47e-005 -10.6 4.97e+002    -  4.34e-001 4.93e-002f  1
  18 5.8397178e-002 0.00e+000 7.34e-005  -7.0 1.53e+002    -  6.35e-001 2.76e-002f  1
  19 2.7637513e-002 0.00e+000 4.61e-006  -7.4 2.69e+002    -  6.47e-001 5.35e-001f  1
iter    objective    inf_pr   inf_du lg(mu)  ||d||  lg(rg) alpha_du alpha_pr  ls
  20 2.4495522e-002 0.00e+000 3.03e-006  -6.3 2.06e+002    -  3.29e-001 7.86e-002f  1
  21 2.1496439e-002 0.00e+000 5.65e-006 -11.0 1.71e+003    -  4.82e-002 9.95e-003f  1
  22 2.1232357e-002 0.00e+000 8.78e-005  -6.5 7.52e+002    -  1.44e-001 8.47e-002f  2
  23 1.9554069e-002 0.00e+000 6.03e-005  -7.0 3.09e+002    -  2.98e-001 2.72e-002f  1
  24 1.1679138e-002 0.00e+000 7.49e-005  -8.1 6.42e+002    -  2.05e-001 6.17e-002f  1
  25 1.0742317e-002 0.00e+000 7.35e-005  -8.2 1.18e+002    -  5.59e-001 3.98e-002f  1
  26 1.0584097e-002 0.00e+000 6.35e-005  -8.5 4.37e+002    -  4.35e-001 4.44e-003f  1
  27 6.3715345e-003 0.00e+000 5.94e-005  -8.2 3.99e+002    -  1.65e-001 9.85e-002f  1
  28 4.7660504e-003 0.00e+000 4.91e-005  -6.4 8.71e+002    -  9.45e-002 1.48e-002f  1
  29 4.4954705e-003 0.00e+000 8.18e-005  -6.2 7.02e+002    -  1.09e-001 5.35e-002f  2
iter    objective    inf_pr   inf_du lg(mu)  ||d||  lg(rg) alpha_du alpha_pr  ls
  30 3.2733166e-003 0.00e+000 3.02e-005  -5.9 1.11e+002    -  3.93e-001 2.02e-001f  1
  31 2.8832813e-003 0.00e+000 3.21e-005 -11.0 2.81e+002    -  1.27e-001 1.34e-002f  1
  32 2.3765502e-004 0.00e+000 9.39e-006  -7.2 4.68e+001    -  9.92e-001 7.19e-001f  1
  33 5.8729769e-005 0.00e+000 4.37e-006  -7.2 1.98e+001    -  8.33e-001 8.84e-001f  1
  34 6.4138067e-006 0.00e+000 2.47e-006 -11.0 1.65e+002    -  4.17e-002 4.37e-002f  1
  35 7.4567247e-006 0.00e+000 2.62e-006  -5.2 1.42e+006    -  5.34e-005 1.01e-005f  2
  36 6.6649868e-006 0.00e+000 1.26e-006  -7.3 1.49e+001    -  3.79e-001 8.24e-002f  3
  37 6.1764218e-006 0.00e+000 1.93e-006  -7.3 1.12e+001    -  6.50e-001 3.46e-002f  2
  38 2.9366161e-006 0.00e+000 1.05e-006 -11.0 5.86e+000    -  2.50e-001 1.90e-001f  1
  39 8.0829012e-007 0.00e+000 5.51e-007  -9.3 2.26e+000    -  8.69e-001 4.78e-001f  1
iter    objective    inf_pr   inf_du lg(mu)  ||d||  lg(rg) alpha_du alpha_pr  ls
  40 4.8839773e-007 0.00e+000 7.68e-007  -8.9 2.08e+000    -  9.91e-001 5.38e-001f  1
  41 2.5249509e-007 0.00e+000 2.00e-008  -8.1 1.25e+001    -  2.97e-001 1.27e-001f  3
  42 1.4647337e-007 0.00e+000 5.53e-007  -8.9 5.11e+000    -  6.50e-001 4.55e-001f  2
  43 1.3658674e-007 0.00e+000 3.72e-007  -8.0 2.11e+001    -  3.11e-001 1.46e-002f  3
  44 1.3284854e-007 0.00e+000 1.91e-007  -8.3 1.01e+001    -  7.49e-001 1.28e-002f  6
  45 2.1734764e-010 0.00e+000 9.32e-009 -11.0 1.40e+000    -  7.58e-001 1.00e+000f  1

Number of Iterations....: 45

                                   (scaled)                 (unscaled)
Objective...............:  2.1734763646613260e-010   2.1734763646613260e-010
Dual infeasibility......:  9.3183271361768759e-009   9.3183271361768759e-009
Constraint violation....:  0.0000000000000000e+000   0.0000000000000000e+000
Complementarity.........:  2.3179859845078486e-009   2.3179859845078486e-009
Overall NLP error.......:  9.3183271361768759e-009   9.3183271361768759e-009


Number of objective function evaluations             = 98
Number of objective gradient evaluations             = 46
Number of equality constraint evaluations            = 0
Number of inequality constraint evaluations          = 0
Number of equality constraint Jacobian evaluations   = 0
Number of inequality constraint Jacobian evaluations = 0
Number of Lagrangian Hessian evaluations             = 0
Total CPU secs in IPOPT (w/o function evaluations)   =      0.771
Total CPU secs in NLP function evaluations           =      3.594

EXIT: Optimal Solution Found.
