This is Ipopt version 3.12, running with linear solver ma57.

Number of nonzeros in equality constraint Jacobian...:        0
Number of nonzeros in inequality constraint Jacobian.:   981371
Number of nonzeros in Lagrangian Hessian.............:   163786

Total number of variables............................:   163786
                     variables with only lower bounds:        0
                variables with lower and upper bounds:   163786
                     variables with only upper bounds:        0
Total number of equality constraints.................:        0
Total number of inequality constraints...............:      425
        inequality constraints with only lower bounds:        0
   inequality constraints with lower and upper bounds:      395
        inequality constraints with only upper bounds:        0

iter    objective    inf_pr   inf_du lg(mu)  ||d||  lg(rg) alpha_du alpha_pr  ls
   0 0.0000000e+000 4.00e+010 0.00e+000  -1.0 0.00e+000    -  0.00e+000 0.00e+000   0
   1 7.1150676e+001 3.98e+010 1.58e+000  -1.0 3.09e+003    -  1.36e-002 5.27e-003h  1
   2 1.1217651e+003 3.92e+010 1.51e+001  -1.0 2.80e+003    -  1.52e-003 1.48e-002h  1
   3 3.8554279e+003 3.85e+010 3.64e+001  -1.0 2.52e+003    -  6.00e-003 1.67e-002h  1
   4 7.7909621e+003 3.79e+010 5.21e+001  -1.0 2.16e+003    -  8.16e-003 1.56e-002h  1
   5 1.9831121e+004 3.67e+010 1.20e+002  -1.0 3.26e+003    -  8.05e-003 3.17e-002h  1
   6 2.2358755e+004 3.65e+010 1.20e+002  -1.0 5.67e+003    -  1.97e-002 5.44e-003h  1
   7 2.6302673e+004 3.63e+010 1.22e+002  -1.0 5.91e+003    -  1.05e-002 7.93e-003h  1
   8 4.6075774e+004 3.51e+010 1.70e+002  -1.0 5.60e+003    -  2.52e-002 3.29e-002h  1
   9 4.9900993e+004 3.49e+010 1.70e+002  -1.0 4.19e+003    -  1.92e-002 5.59e-003h  1
iter    objective    inf_pr   inf_du lg(mu)  ||d||  lg(rg) alpha_du alpha_pr  ls
  10 7.9823497e+004 3.35e+010 2.17e+002  -1.0 3.65e+003    -  1.52e-002 3.78e-002h  1
  11 8.9369711e+004 3.32e+010 2.18e+002  -1.0 2.39e+003    -  4.16e-002 1.08e-002h  1
  12 1.1670140e+005 3.23e+010 2.34e+002  -1.0 1.86e+003    -  1.81e-002 2.80e-002h  1
  13 1.4080440e+005 3.15e+010 2.41e+002  -1.0 2.76e+003    -  7.22e-003 2.26e-002h  1
  14 1.6152565e+005 3.09e+010 2.43e+002  -1.0 3.50e+003    -  3.38e-002 1.83e-002h  1
  15 2.0463825e+005 2.99e+010 2.59e+002  -1.0 4.96e+003    -  1.07e-002 3.50e-002h  1
  16 2.1903851e+005 2.95e+010 2.58e+002  -1.0 5.30e+003    -  1.85e-002 1.12e-002h  1
  17 2.8098760e+005 2.82e+010 2.87e+002  -1.0 5.37e+003    -  1.55e-002 4.47e-002h  1
  18 3.1521854e+005 2.75e+010 2.93e+002  -1.0 5.14e+003    -  5.73e-002 2.35e-002h  1
  19 3.6345910e+005 2.67e+010 3.07e+002  -1.0 4.94e+003    -  5.53e-002 3.16e-002h  1
iter    objective    inf_pr   inf_du lg(mu)  ||d||  lg(rg) alpha_du alpha_pr  ls
  20 4.0486994e+005 2.60e+010 3.14e+002  -1.0 4.65e+003    -  1.14e-002 2.61e-002h  1
  21 4.1619491e+005 2.58e+010 3.12e+002  -1.0 4.46e+003    -  1.19e-001 7.08e-003h  1
  22 5.0502777e+005 2.44e+010 3.51e+002  -1.0 4.26e+003    -  2.90e-002 5.25e-002h  1
  23 5.6725065e+005 2.36e+010 3.66e+002  -1.0 3.91e+003    -  1.34e-002 3.56e-002h  1
  24 6.5772664e+005 2.24e+010 4.01e+002  -1.0 3.70e+003    -  3.17e-002 4.99e-002h  1
  25 7.6006140e+005 2.12e+010 4.42e+002  -1.0 3.39e+003    -  8.57e-002 5.48e-002h  1
  26 8.1585562e+005 2.05e+010 4.46e+002  -1.0 3.03e+003    -  7.64e-002 2.97e-002h  1
  27 9.6286483e+005 1.90e+010 5.22e+002  -1.0 2.81e+003    -  8.72e-002 7.55e-002h  1
  28 1.0044749e+006 1.86e+010 5.18e+002  -1.0 2.42e+003    -  1.18e-001 2.18e-002h  1
  29 1.0969992e+006 1.77e+010 5.27e+002  -1.0 2.25e+003    -  7.48e-002 4.78e-002h  1
iter    objective    inf_pr   inf_du lg(mu)  ||d||  lg(rg) alpha_du alpha_pr  ls
  30 1.1397534e+006 1.73e+010 5.22e+002  -1.0 2.04e+003    -  7.19e-002 2.24e-002h  1
  31 1.2678175e+006 1.62e+010 5.45e+002  -1.0 1.93e+003    -  5.44e-002 6.57e-002h  1
  32 1.3836004e+006 1.52e+010 5.54e+002  -1.0 1.73e+003    -  5.36e-002 6.02e-002h  1
  33 1.4823422e+006 1.44e+010 5.51e+002  -1.0 1.56e+003    -  7.99e-003 5.23e-002h  1
  34 1.5343866e+006 1.40e+010 5.42e+002  -1.0 1.44e+003    -  6.68e-002 2.82e-002h  1
  35 1.6270520e+006 1.33e+010 5.35e+002  -1.0 1.36e+003    -  8.68e-002 5.03e-002h  1
  36 1.6485482e+006 1.31e+010 5.30e+002  -1.0 1.23e+003    -  7.68e-002 1.20e-002h  1
  37 1.7444053e+006 1.24e+010 5.57e+002  -1.0 1.19e+003    -  1.74e-001 5.33e-002h  1
  38 1.9482415e+006 1.10e+010 5.99e+002  -1.0 1.05e+003    -  1.63e-001 1.14e-001h  1
  39 2.0580950e+006 1.03e+010 7.78e+002  -1.0 8.71e+002    -  2.00e-001 6.62e-002h  1
iter    objective    inf_pr   inf_du lg(mu)  ||d||  lg(rg) alpha_du alpha_pr  ls
  40 2.0951159e+006 1.00e+010 8.41e+002  -1.0 7.71e+002    -  8.85e-002 2.34e-002h  1
  41 2.2375235e+006 9.13e+009 1.00e+003  -1.0 7.39e+002    -  2.97e-001 8.99e-002h  1
  42 2.4236154e+006 8.00e+009 9.12e+002  -1.0 6.34e+002    -  1.69e-001 1.24e-001h  1
  43 2.4630405e+006 7.77e+009 1.28e+003  -1.0 5.37e+002    -  5.98e-001 2.91e-002h  1
  44 2.7567994e+006 6.10e+009 1.04e+003  -1.0 5.12e+002    -  3.30e-001 2.15e-001h  1
  45 2.7972614e+006 5.88e+009 1.07e+003  -1.0 4.23e+002    -  2.35e-001 3.63e-002h  1
  46 2.9784332e+006 4.91e+009 1.68e+003  -1.0 4.15e+002    -  9.45e-001 1.65e-001h  1
  47 3.0653840e+006 4.46e+009 1.54e+003  -1.0 3.77e+002    -  4.09e-001 9.20e-002h  1
  48 3.2366767e+006 3.59e+009 1.25e+003  -1.0 3.51e+002    -  9.97e-001 1.95e-001h  1
  49 3.3946971e+006 2.81e+009 9.74e+002  -1.0 3.02e+002    -  8.40e-001 2.16e-001h  1
iter    objective    inf_pr   inf_du lg(mu)  ||d||  lg(rg) alpha_du alpha_pr  ls
  50 3.5147623e+006 2.24e+009 7.68e+002  -1.0 2.49e+002    -  1.00e+000 2.05e-001h  1
  51 3.7028748e+006 1.36e+009 4.64e+002  -1.0 2.09e+002    -  1.00e+000 3.93e-001h  1
  52 3.7486612e+006 1.15e+009 3.90e+002  -1.0 1.36e+002    -  1.00e+000 1.54e-001h  1
  53 3.9148383e+006 4.01e+008 1.36e+002  -1.0 1.21e+002    -  1.00e+000 6.51e-001h  1
  54 4.0050369e+006 3.26e+006 5.03e+000  -1.0 4.82e+001    -  1.00e+000 9.92e-001h  1
  55 4.0057825e+006 0.00e+000 1.20e-003  -1.0 4.26e+000    -  1.00e+000 1.00e+000h  1
  56 4.0057264e+006 0.00e+000 2.89e-001  -2.5 1.97e+000    -  8.63e-001 9.97e-001f  1
  57 4.0057256e+006 0.00e+000 9.36e-004  -2.5 7.35e-001    -  1.00e+000 1.00e+000f  1
  58 4.0057240e+006 0.00e+000 5.86e-002  -3.8 4.00e-001    -  8.24e-001 1.00e+000f  1
  59 4.0057240e+006 0.00e+000 9.64e-005  -3.8 2.39e-001    -  1.00e+000 1.00e+000f  1
iter    objective    inf_pr   inf_du lg(mu)  ||d||  lg(rg) alpha_du alpha_pr  ls
  60 4.0057239e+006 0.00e+000 2.99e-003  -5.7 1.25e-001    -  9.44e-001 1.00e+000f  1
  61 4.0057239e+006 0.00e+000 1.97e-006  -5.7 3.43e-002    -  1.00e+000 1.00e+000f  1
In iteration 61, 1 Slack too small, adjusting variable bound
  62 4.0057239e+006 0.00e+000 1.52e-006  -8.6 3.93e-003    -  9.99e-001 1.00e+000f  1
In iteration 62, 1 Slack too small, adjusting variable bound
  63 4.0057239e+006 0.00e+000 1.18e-011  -8.6 3.45e-005    -  1.00e+000 1.00e+000h  1

Number of Iterations....: 63

                                   (scaled)                 (unscaled)
Objective...............:  4.0057238914933163e+006   4.0057238914933163e+006
Dual infeasibility......:  1.1826672886658715e-011   1.1826672886658715e-011
Constraint violation....:  0.0000000000000000e+000   0.0000000000000000e+000
Complementarity.........:  3.8306034219729336e-009   3.8306034219729336e-009
Overall NLP error.......:  3.8306034219729336e-009   3.8306034219729336e-009


Number of objective function evaluations             = 64
Number of objective gradient evaluations             = 64
Number of equality constraint evaluations            = 0
Number of inequality constraint evaluations          = 64
Number of equality constraint Jacobian evaluations   = 0
Number of inequality constraint Jacobian evaluations = 64
Number of Lagrangian Hessian evaluations             = 63
Total CPU secs in IPOPT (w/o function evaluations)   =     30.631
Total CPU secs in NLP function evaluations           =     15.014

EXIT: Optimal Solution Found.
