This is Ipopt version 3.12, running with linear solver ma57.

Number of nonzeros in equality constraint Jacobian...:        0
Number of nonzeros in inequality constraint Jacobian.:        0
Number of nonzeros in Lagrangian Hessian.............:        0

Total number of variables............................:     1919
                     variables with only lower bounds:        0
                variables with lower and upper bounds:     1919
                     variables with only upper bounds:        0
Total number of equality constraints.................:        0
Total number of inequality constraints...............:        0
        inequality constraints with only lower bounds:        0
   inequality constraints with lower and upper bounds:        0
        inequality constraints with only upper bounds:        0

iter    objective    inf_pr   inf_du lg(mu)  ||d||  lg(rg) alpha_du alpha_pr  ls
   0 1.4527618e+010 0.00e+000 1.00e+002   0.0 0.00e+000    -  0.00e+000 0.00e+000   0
   1 1.2647168e+010 0.00e+000 9.32e+001   2.0 9.99e+001    -  9.99e-001 1.00e+000f  1
   2 3.8425549e+006 0.00e+000 1.46e+000   1.2 1.39e+003    -  1.00e+000 9.84e-001f  1
   3 7.6672370e+005 0.00e+000 4.61e-001  -0.9 2.05e+001    -  9.98e-001 6.66e-001f  1
   4 7.4829491e+005 0.00e+000 1.77e-002  -2.9 3.88e-001    -  9.98e-001 3.52e-001f  1
   5 7.4809369e+005 0.00e+000 2.18e-003  -4.9 3.32e-002    -  9.98e-001 9.76e-001f  1
   6 7.2192356e+005 0.00e+000 6.68e-002  -6.2 4.74e+001    -  9.96e-001 9.93e-001f  1
   7 1.6865598e+005 0.00e+000 2.69e-001  -6.3 2.41e+003    -  9.88e-001 5.87e-001f  1
   8 1.6538185e+005 0.00e+000 2.73e-001  -4.3 9.96e+002    -  9.73e-001 1.42e-002f  1
   9 1.6527245e+005 0.00e+000 7.52e-002  -4.9 4.46e+002    -  1.00e+000 1.55e-003f  1
iter    objective    inf_pr   inf_du lg(mu)  ||d||  lg(rg) alpha_du alpha_pr  ls
  10 7.1559400e+004 0.00e+000 1.21e-001  -5.3 1.82e+003    -  1.00e+000 4.56e-001f  1
  11 7.0748217e+004 0.00e+000 1.39e-001  -4.3 9.36e+002    -  9.96e-001 8.87e-003f  1
  12 4.3260983e+004 0.00e+000 2.40e-002  -4.5 1.07e+003    -  9.99e-001 4.20e-001f  1
  13 4.2663761e+004 0.00e+000 7.52e-002  -5.0 1.09e+003    -  1.00e+000 9.55e-003f  1
  14 2.5047686e+004 0.00e+000 4.89e-002  -5.1 1.65e+003    -  1.00e+000 2.75e-001f  1
  15 2.4420614e+004 0.00e+000 2.85e-002  -5.3 9.40e+002    -  1.00e+000 2.10e-002f  1
  16 1.3093513e+004 0.00e+000 3.81e-003  -5.7 1.33e+003    -  1.00e+000 4.47e-001f  1
  17 1.0428406e+004 0.00e+000 1.26e-003  -5.9 1.15e+003    -  9.99e-001 2.48e-001f  1
  18 1.0357111e+004 0.00e+000 4.73e-003  -6.5 5.52e+002    -  9.99e-001 1.58e-002f  1
  19 9.1955032e+003 0.00e+000 8.26e-004  -7.4 5.55e+002    -  1.00e+000 3.34e-001f  1
iter    objective    inf_pr   inf_du lg(mu)  ||d||  lg(rg) alpha_du alpha_pr  ls
  20 7.9073910e+003 0.00e+000 1.27e-003  -7.0 6.19e+002    -  1.00e+000 6.63e-001f  1
  21 7.6935113e+003 0.00e+000 4.05e-004  -5.2 4.29e+002    -  8.05e-001 2.70e-001f  1
  22 7.4942512e+003 0.00e+000 3.33e-004  -5.8 5.80e+002    -  9.61e-001 2.20e-001f  1
  23 7.4053102e+003 0.00e+000 8.06e-004  -6.3 8.33e+002    -  1.00e+000 8.48e-002f  1
  24 7.3004462e+003 0.00e+000 4.44e-004  -6.3 8.74e+002    -  9.72e-001 1.06e-001f  1
  25 7.2102838e+003 0.00e+000 1.70e-003  -6.5 1.91e+003    -  9.60e-001 4.52e-002f  1
  26 6.8862159e+003 0.00e+000 1.60e-003  -6.2 2.29e+003    -  9.31e-001 1.48e-001f  1
  27 6.7454718e+003 0.00e+000 5.11e-004  -5.8 1.03e+003    -  9.10e-001 1.49e-001f  1
  28 6.6817110e+003 0.00e+000 5.95e-004  -5.4 1.10e+002    -  6.73e-001 1.00e+000f  1
  29 6.6226244e+003 0.00e+000 3.43e-004  -5.0 1.08e+003    -  4.91e-001 1.10e-001f  1
iter    objective    inf_pr   inf_du lg(mu)  ||d||  lg(rg) alpha_du alpha_pr  ls
  30 6.5884777e+003 0.00e+000 1.38e-004  -5.8 5.73e+002    -  1.00e+000 1.35e-001f  1
  31 6.5583667e+003 0.00e+000 1.75e-004  -6.1 3.69e+002    -  9.15e-001 2.08e-001f  1
  32 6.4770825e+003 0.00e+000 3.41e-004  -6.1 1.04e+003    -  9.02e-001 2.50e-001f  1
  33 6.4579734e+003 0.00e+000 5.48e-006  -7.1 9.67e+001    -  1.00e+000 6.40e-001f  1
  34 6.3994028e+003 0.00e+000 2.70e-005 -11.0 9.79e+002    -  1.77e-001 2.83e-001f  1
  35 6.3865958e+003 0.00e+000 6.57e-006  -8.8 7.60e+001    -  9.99e-001 9.59e-001f  1
  36 6.3787903e+003 0.00e+000 2.13e-005  -7.0 1.08e+003    -  6.59e-001 4.91e-002f  1
  37 6.3742447e+003 0.00e+000 1.50e-006  -8.8 5.90e+001    -  1.00e+000 5.30e-001f  1
  38 6.3481427e+003 0.00e+000 2.20e-006  -8.4 1.16e+003    -  6.47e-001 1.74e-001f  1
  39 6.3481423e+003 0.00e+000 6.92e-007  -9.4 3.37e+001    -  9.99e-001 4.38e-005f  2
iter    objective    inf_pr   inf_du lg(mu)  ||d||  lg(rg) alpha_du alpha_pr  ls
  40 6.3457054e+003 0.00e+000 1.72e-006 -10.0 1.06e+002    -  1.00e+000 1.38e-001f  1
  41 6.2850896e+003 0.00e+000 2.11e-006 -11.0 8.24e+002    -  4.09e-001 6.39e-001f  1
  42 6.2850901e+003 0.00e+000 9.83e-007  -8.9 5.89e+002    -  1.00e+000 1.48e-005f  5
  43 6.2817216e+003 0.00e+000 6.98e-007  -9.0 3.89e+001    -  3.35e-001 9.87e-001f  1
  44 6.2784267e+003 0.00e+000 6.56e-007  -8.4 4.17e+002    -  4.20e-001 8.34e-002f  1
  45 6.2782366e+003 0.00e+000 5.99e-007 -11.0 3.91e+001    -  1.26e-001 3.43e-002f  1
  46 6.2779538e+003 0.00e+000 1.60e-005  -7.1 1.16e+003    -  1.00e+000 4.16e-003f  1
  47 6.2615891e+003 0.00e+000 1.13e-005  -6.0 2.35e+002    -  3.00e-001 9.14e-001f  1
  48 6.2612023e+003 0.00e+000 2.86e-006  -8.5 1.10e+002    -  7.54e-001 3.29e-002f  1
  49 6.2591863e+003 0.00e+000 5.81e-006  -7.3 4.54e+002    -  1.86e-001 4.27e-002f  1
iter    objective    inf_pr   inf_du lg(mu)  ||d||  lg(rg) alpha_du alpha_pr  ls
  50 6.2516483e+003 0.00e+000 1.47e-006  -7.1 6.14e+002    -  4.81e-001 1.22e-001f  1
  51 6.2510371e+003 0.00e+000 1.35e-005  -5.1 7.85e+004    -  2.54e-003 1.26e-003f  1
  52 6.2507116e+003 0.00e+000 1.27e-005  -7.4 1.05e+002    -  6.50e-002 2.33e-002f  1
  53 6.2321943e+003 0.00e+000 7.79e-006  -7.5 2.83e+002    -  2.04e-001 7.09e-001f  1
  54 6.2227367e+003 0.00e+000 2.28e-006  -7.0 3.05e+002    -  6.53e-001 6.18e-001f  1
  55 6.2157392e+003 0.00e+000 5.03e-007  -7.0 4.08e+002    -  2.96e-001 4.65e-001f  1
  56 6.2128693e+003 0.00e+000 3.41e-006  -8.9 2.06e+001    -  9.61e-001 9.70e-001f  1
  57 6.2078126e+003 0.00e+000 2.02e-006  -8.3 8.29e+001    -  3.10e-001 1.00e+000f  1
  58 6.2066188e+003 0.00e+000 9.37e-007  -7.7 7.58e+001    -  3.89e-001 2.10e-001f  1
  59 6.2058996e+003 0.00e+000 9.17e-007 -11.0 2.04e+002    -  1.09e-001 4.18e-002f  1
iter    objective    inf_pr   inf_du lg(mu)  ||d||  lg(rg) alpha_du alpha_pr  ls
  60 6.1970329e+003 0.00e+000 2.39e-007  -8.1 8.68e+001    -  3.29e-001 8.64e-001f  1
  61 6.1996696e+003 0.00e+000 4.62e-007  -6.0 5.17e+002    -  3.56e-002 9.55e-002f  1
  62 6.1973445e+003 0.00e+000 4.34e-007  -7.4 2.20e+002    -  3.67e-001 9.18e-002f  1
  63 6.1912581e+003 0.00e+000 3.25e-007  -7.4 2.17e+002    -  5.59e-001 2.80e-001f  1
  64 6.1893158e+003 0.00e+000 3.04e-007  -7.8 2.50e+001    -  9.72e-001 3.74e-001f  1
  65 6.1859188e+003 0.00e+000 1.73e-007  -9.8 3.03e+001    -  4.68e-001 1.00e+000f  1
  66 6.1845528e+003 0.00e+000 1.62e-007  -8.7 5.12e+001    -  1.00e+000 4.36e-001f  1
  67 6.1832115e+003 0.00e+000 2.11e-007  -9.2 2.60e+001    -  9.17e-001 1.00e+000f  1
  68 6.1826877e+003 0.00e+000 2.00e-007  -8.7 1.81e+002    -  7.28e-001 6.02e-002f  1
  69 6.1805649e+003 0.00e+000 1.46e-007  -9.0 1.97e+002    -  5.43e-001 2.65e-001f  1
iter    objective    inf_pr   inf_du lg(mu)  ||d||  lg(rg) alpha_du alpha_pr  ls
  70 6.1800262e+003 0.00e+000 1.05e-007  -9.2 1.48e+002    -  9.33e-001 1.04e-001f  1
  71 6.1795455e+003 0.00e+000 8.82e-008  -8.6 1.38e+002    -  1.63e-001 1.05e-001f  1
  72 6.1795026e+003 0.00e+000 8.55e-008  -9.3 1.86e+001    -  6.06e-001 5.15e-002f  1
  73 6.1789754e+003 0.00e+000 1.50e-007  -8.9 3.63e+001    -  6.84e-001 3.42e-001f  1
  74 6.1789622e+003 0.00e+000 1.35e-007 -11.0 7.23e+001    -  1.21e-001 4.65e-003f  1
  75 6.1769292e+003 0.00e+000 1.19e-007  -9.5 1.76e+002    -  1.41e-001 3.52e-001f  1
  76 6.1754620e+003 0.00e+000 1.28e-007 -10.1 1.23e+002    -  3.35e-001 5.72e-001f  1
  77 6.1752733e+003 0.00e+000 1.01e-007 -11.0 1.36e+001    -  7.96e-001 3.11e-001f  1
  78 6.1752214e+003 0.00e+000 2.25e-007 -11.0 2.73e+001    -  9.93e-001 6.28e-002f  1
  79 6.1743585e+003 0.00e+000 1.36e-007  -9.7 1.11e+002    -  4.92e-001 3.13e-001f  1
iter    objective    inf_pr   inf_du lg(mu)  ||d||  lg(rg) alpha_du alpha_pr  ls
  80 6.1737329e+003 0.00e+000 5.54e-008 -10.0 8.34e+001    -  5.49e-001 4.62e-001f  1
  81 6.1733783e+003 0.00e+000 3.48e-008  -9.9 5.19e+001    -  5.96e-001 7.87e-001f  1
  82 6.1732268e+003 0.00e+000 4.93e-008 -11.0 1.92e+001    -  9.42e-001 1.00e+000f  1
  83 6.1729246e+003 0.00e+000 5.86e-008  -9.2 5.10e+001    -  4.86e-001 1.00e+000f  1
  84 6.1728322e+003 0.00e+000 4.45e-008  -9.1 2.72e+001    -  6.58e-001 5.15e-001f  1
  85 6.1725590e+003 0.00e+000 2.67e-008  -9.2 4.21e+001    -  8.49e-001 1.00e+000f  1
  86 6.1723447e+003 0.00e+000 3.93e-008  -9.0 3.72e+001    -  8.19e-001 9.06e-001f  1
  87 6.1722214e+003 0.00e+000 5.10e-008  -9.1 6.63e+001    -  6.04e-001 1.56e-001f  1
  88 6.1716983e+003 0.00e+000 5.09e-008  -9.7 1.37e+002    -  2.81e-001 3.58e-001f  1
  89 6.1712880e+003 0.00e+000 8.21e-008 -10.1 1.20e+002    -  2.73e-001 2.98e-001f  1
iter    objective    inf_pr   inf_du lg(mu)  ||d||  lg(rg) alpha_du alpha_pr  ls
  90 6.1705438e+003 0.00e+000 8.58e-008  -9.6 1.59e+002    -  8.94e-001 5.80e-001f  1
  91 6.1701994e+003 0.00e+000 1.21e-007  -9.3 7.27e+001    -  5.36e-001 8.77e-001f  1
  92 6.1700445e+003 0.00e+000 3.76e-008 -11.0 8.30e+000    -  7.73e-001 8.61e-001f  1
  93 6.1699078e+003 0.00e+000 3.34e-008 -11.0 1.18e+001    -  1.00e+000 9.13e-001f  1

Number of Iterations....: 93

                                   (scaled)                 (unscaled)
Objective...............:  3.1671052915099904e-002   6.1699078469937440e+003
Dual infeasibility......:  3.3445487275898707e-008   6.5155893283141237e-003
Constraint violation....:  0.0000000000000000e+000   0.0000000000000000e+000
Complementarity.........:  3.9587344318519845e-010   7.7120980791903782e-005
Overall NLP error.......:  3.3445487275898707e-008   6.5155893283141237e-003


Number of objective function evaluations             = 107
Number of objective gradient evaluations             = 94
Number of equality constraint evaluations            = 0
Number of inequality constraint evaluations          = 0
Number of equality constraint Jacobian evaluations   = 0
Number of inequality constraint Jacobian evaluations = 0
Number of Lagrangian Hessian evaluations             = 0
Total CPU secs in IPOPT (w/o function evaluations)   =      0.558
Total CPU secs in NLP function evaluations           =     63.239

EXIT: Solved To Acceptable Level.
