This is Ipopt version 3.12, running with linear solver ma57.

Number of nonzeros in equality constraint Jacobian...:        0
Number of nonzeros in inequality constraint Jacobian.:        0
Number of nonzeros in Lagrangian Hessian.............:        0

Total number of variables............................:     3772
                     variables with only lower bounds:        0
                variables with lower and upper bounds:     3772
                     variables with only upper bounds:        0
Total number of equality constraints.................:        0
Total number of inequality constraints...............:        0
        inequality constraints with only lower bounds:        0
   inequality constraints with lower and upper bounds:        0
        inequality constraints with only upper bounds:        0

iter    objective    inf_pr   inf_du lg(mu)  ||d||  lg(rg) alpha_du alpha_pr  ls
   0 1.4552390e+006 0.00e+000 1.00e+002   0.0 0.00e+000    -  0.00e+000 0.00e+000   0
   1 3.9523918e+005 0.00e+000 3.86e+001   1.4 9.88e+001    -  9.59e-001 1.00e+000f  1
   2 3.1757355e+005 0.00e+000 2.87e+001   0.2 6.88e+001    -  9.92e-001 2.12e-001f  1
   3 2.7758516e+005 0.00e+000 1.89e+001  -0.8 4.69e+001    -  1.00e+000 2.10e-001f  1
   4 2.3361763e+005 0.00e+000 1.22e+001  -6.8 5.25e+001    -  9.36e-001 2.93e-001f  1
   5 2.0591115e+005 0.00e+000 6.59e+000  -3.4 5.48e+001    -  1.00e+000 2.62e-001f  1
   6 1.7481860e+005 0.00e+000 1.12e+001  -3.0 1.54e+002    -  1.00e+000 2.01e-001f  1
   7 1.5668957e+005 0.00e+000 1.10e+001  -3.7 1.37e+002    -  8.35e-001 1.15e-001f  1
   8 1.4680319e+005 0.00e+000 8.27e+000  -4.5 1.31e+002    -  1.00e+000 8.63e-002f  1
   9 1.1666505e+005 0.00e+000 4.48e+000  -5.0 1.35e+002    -  1.00e+000 2.69e-001f  1
iter    objective    inf_pr   inf_du lg(mu)  ||d||  lg(rg) alpha_du alpha_pr  ls
  10 1.1474597e+005 0.00e+000 6.20e+000  -5.8 1.59e+002    -  1.00e+000 2.25e-002f  1
  11 1.0640188e+005 0.00e+000 6.34e+000  -1.7 2.29e+002    -  3.69e-001 7.96e-002f  1
  12 9.9055163e+004 0.00e+000 7.21e+000  -8.2 3.49e+002    -  3.75e-001 5.31e-002f  1
  13 9.8852708e+004 0.00e+000 4.28e+000  -3.3 3.16e+002    -  9.91e-001 1.17e-003f  1
  14 9.2701418e+004 0.00e+000 6.45e+000  -8.9 1.96e+002    -  6.49e-001 5.62e-002f  1
  15 9.0639165e+004 0.00e+000 4.15e+000  -9.0 2.15e+002    -  8.95e-001 2.38e-002f  1
  16 7.9756113e+004 0.00e+000 4.24e+000  -1.2 3.45e+002    -  2.08e-001 8.10e-002f  1
  17 6.6690325e+004 0.00e+000 3.09e+000   0.1 4.96e+002    -  5.46e-003 6.64e-002f  1
  18 6.4965738e+004 0.00e+000 3.49e+000  -7.7 2.65e+002    -  9.38e-002 1.25e-002f  1
  19 5.6052324e+004 0.00e+000 4.75e+000  -1.9 2.90e+002    -  4.73e-001 7.31e-002f  1
iter    objective    inf_pr   inf_du lg(mu)  ||d||  lg(rg) alpha_du alpha_pr  ls
  20 5.3345571e+004 0.00e+000 5.19e+000  -7.8 4.25e+002    -  1.01e-001 2.17e-002f  1
  21 5.3106953e+004 0.00e+000 5.11e+000  -7.8 4.90e+003    -  1.83e-002 1.58e-004f  1
  22 4.9334798e+004 0.00e+000 4.73e+000  -7.8 3.80e+002    -  3.11e-002 2.92e-002f  1
  23 4.3581862e+004 0.00e+000 4.71e+000  -1.3 2.90e+002    -  9.95e-002 5.33e-002f  1
  24 3.4015716e+004 0.00e+000 4.92e+000  -1.2 4.51e+002    -  4.73e-003 8.34e-002f  1
  25 3.2972336e+004 0.00e+000 3.94e+000  -0.8 1.36e+003    -  1.54e-002 2.32e-003f  1
  26 3.2372605e+004 0.00e+000 4.00e+000  -0.7 1.58e+002    -  1.35e-001 1.09e-002f  1
  27 3.1943171e+004 0.00e+000 3.91e+000  -7.4 4.66e+002    -  5.92e-002 4.54e-003f  1
  28 3.0736209e+004 0.00e+000 3.30e+000  -1.7 1.90e+003    -  4.34e-002 3.60e-003f  1
  29 2.8771618e+004 0.00e+000 3.59e+000  -7.4 2.35e+002    -  1.51e-001 3.52e-002f  1
iter    objective    inf_pr   inf_du lg(mu)  ||d||  lg(rg) alpha_du alpha_pr  ls
  30 1.8740034e+004 0.00e+000 2.55e+000  -2.5 1.39e+002    -  1.88e-001 2.20e-001f  1
  31 1.8608404e+004 0.00e+000 2.40e+000  -7.5 4.45e+002    -  1.35e-001 2.17e-003f  1
  32 1.3358812e+004 0.00e+000 2.22e+000  -3.0 1.42e+002    -  1.52e-001 1.63e-001f  1
  33 1.4433507e+004 0.00e+000 2.35e+000   0.3 7.42e+003    -  4.83e-002 3.72e-003f  1
  34 1.1180090e+004 0.00e+000 1.28e+000  -1.0 6.04e+001    -  1.00e+000 2.53e-001f  1
  35 1.0334148e+004 0.00e+000 6.31e+000  -7.0 1.83e+002    -  8.04e-001 8.28e-002f  2
  36 5.1189887e+003 0.00e+000 2.46e+000  -3.3 1.14e+002    -  4.77e-001 5.06e-001f  1
  37 2.4180908e+003 0.00e+000 5.58e-001  -2.3 5.86e+001    -  6.74e-001 7.46e-001f  1
  38 1.7585776e+003 0.00e+000 3.29e-001  -8.0 5.46e+001    -  8.76e-001 3.60e-001f  1
  39 1.1265143e+003 0.00e+000 8.79e-002  -2.5 2.77e+002    -  2.50e-002 3.40e-001f  1
iter    objective    inf_pr   inf_du lg(mu)  ||d||  lg(rg) alpha_du alpha_pr  ls
  40 8.6846128e+002 0.00e+000 1.76e-001  -2.3 1.15e+002    -  1.81e-001 2.07e-001f  1
  41 8.4697513e+002 0.00e+000 1.02e-001  -8.5 7.34e+002    -  1.40e-001 4.25e-003f  1
  42 6.5114027e+002 0.00e+000 2.67e-001  -2.8 6.73e+001    -  1.00e+000 2.84e-001f  1
  43 6.1905826e+002 0.00e+000 2.38e-002  -8.7 3.78e+002    -  1.01e-001 1.33e-002f  1
  44 5.5170502e+002 0.00e+000 4.12e-002  -3.0 5.72e+001    -  6.66e-001 1.05e-001f  1
  45 4.9013093e+002 0.00e+000 5.64e-002  -4.5 5.24e+001    -  5.04e-001 1.01e-001f  1
  46 3.4450770e+002 0.00e+000 6.34e-002  -3.0 7.02e+001    -  8.09e-002 3.06e-001f  1
  47 3.3695852e+002 0.00e+000 5.87e-002  -9.0 2.83e+002    -  2.99e-002 1.31e-002f  1
  48 3.3555432e+002 0.00e+000 6.83e-002  -9.0 1.56e+002    -  1.81e-001 1.94e-003f  1
  49 4.7951900e+002 0.00e+000 8.50e-001  -1.1 1.47e+003    -  1.76e-002 1.85e-002f  1
iter    objective    inf_pr   inf_du lg(mu)  ||d||  lg(rg) alpha_du alpha_pr  ls
  50 3.6617579e+002 0.00e+000 8.27e-001  -2.7 8.75e+001    -  2.07e-001 1.76e-001f  1
  51 3.2094494e+002 0.00e+000 6.65e-002  -2.7 1.17e+002    -  2.19e-001 9.11e-002f  1
  52 2.4518316e+002 0.00e+000 1.96e-002  -3.6 7.10e+001    -  3.54e-002 2.28e-001f  1
  53 2.3094576e+002 0.00e+000 2.25e-002  -3.2 1.06e+002    -  3.49e-001 1.02e-001f  1
  54 2.1286111e+002 0.00e+000 3.37e-002  -3.2 9.07e+001    -  6.35e-001 9.42e-002f  1
  55 1.8241331e+002 0.00e+000 8.41e-002  -8.9 7.24e+001    -  1.50e-001 2.27e-001f  1
  56 8.7136472e+002 0.00e+000 7.94e-001  -1.0 4.87e+003    -  1.31e-002 1.09e-002f  1
  57 4.4599867e+002 0.00e+000 4.59e-001  -2.8 8.01e+001    -  4.76e-001 3.91e-001f  1
  58 4.3138849e+002 0.00e+000 1.07e+000  -2.8 6.15e+001    -  1.76e-001 5.62e-002f  4
  59 3.7392849e+002 0.00e+000 9.01e-001  -2.8 1.01e+002    -  6.55e-002 5.02e-002f  1
iter    objective    inf_pr   inf_du lg(mu)  ||d||  lg(rg) alpha_du alpha_pr  ls
  60 2.9593151e+002 0.00e+000 7.21e-001  -2.8 7.95e+001    -  3.18e-001 2.14e-001f  1
  61 2.8496422e+002 0.00e+000 6.78e-001  -2.8 1.30e+002    -  6.67e-002 2.06e-002f  1
  62 1.7935553e+002 0.00e+000 3.54e-002  -2.8 3.42e+001    -  6.04e-001 1.00e+000f  1
  63 1.6693876e+002 0.00e+000 1.65e-002  -2.9 1.14e+002    -  8.82e-001 8.25e-002f  1
  64 1.4413652e+002 0.00e+000 4.62e-002  -4.0 3.08e+001    -  5.76e-001 3.79e-001f  1
  65 1.4389411e+002 0.00e+000 1.04e-001  -3.2 4.88e+001    -  2.83e-001 8.99e-003f  3
  66 1.3987151e+002 0.00e+000 4.31e-002  -3.2 1.61e+001    -  6.24e-001 3.33e-001f  1
  67 1.3230965e+002 0.00e+000 2.59e-002  -3.4 3.15e+001    -  8.07e-002 4.34e-001f  1
  68 1.2381722e+002 0.00e+000 1.47e-002  -4.6 4.12e+001    -  2.05e-001 3.50e-001f  1
  69 1.2196989e+002 0.00e+000 7.23e-002  -4.4 7.76e+001    -  2.61e-001 4.15e-001f  1
iter    objective    inf_pr   inf_du lg(mu)  ||d||  lg(rg) alpha_du alpha_pr  ls
  70 1.2237610e+002 0.00e+000 5.48e-002  -3.0 2.90e+001    -  5.00e-001 5.39e-002f  1
  71 1.2224463e+002 0.00e+000 5.54e-002  -3.3 2.25e+001    -  2.40e-001 4.91e-002f  1
  72 1.2064887e+002 0.00e+000 2.85e-001  -3.3 7.12e+001    -  3.67e-001 2.59e-001f  2
  73 1.1702568e+002 0.00e+000 1.10e-001  -5.3 1.88e+002    -  2.69e-002 9.33e-002f  2
  74 1.2959009e+002 0.00e+000 1.97e-001  -2.6 1.32e+002    -  1.58e-001 9.51e-002f  1
  75 1.3089045e+002 0.00e+000 1.21e-001  -3.1 1.80e+001    -  4.81e-002 2.78e-001f  1
  76 1.2632409e+002 0.00e+000 3.60e-002  -3.1 6.52e+001    -  5.19e-001 1.82e-001f  1
  77 1.2194066e+002 0.00e+000 4.33e-002  -3.1 8.41e+001    -  1.00e+000 3.82e-001f  1
  78 1.1462238e+002 0.00e+000 3.16e-002  -3.1 3.39e+002    -  1.91e-001 2.01e-001f  1
  79 1.0087182e+002 0.00e+000 6.79e-002  -5.0 1.32e+003    -  2.32e-001 8.82e-002f  1
iter    objective    inf_pr   inf_du lg(mu)  ||d||  lg(rg) alpha_du alpha_pr  ls
  80 9.8681149e+001 0.00e+000 3.58e-001  -9.2 7.28e+002    -  5.54e-002 9.12e-002f  1
  81 9.8492346e+001 0.00e+000 3.47e-001  -3.0 4.29e+002    -  5.38e-001 4.60e-002f  1
  82 8.5924171e+001 0.00e+000 1.76e-001  -3.6 1.21e+003    -  1.26e-001 1.33e-001f  1
  83 8.3669625e+001 0.00e+000 1.51e-001  -2.9 1.50e+003    -  1.50e-001 2.07e-002f  1
  84 8.2523013e+001 0.00e+000 1.29e-001  -2.8 9.29e+002    -  6.84e-001 2.20e-002f  1
  85 7.0793204e+001 0.00e+000 2.13e-001  -3.6 5.22e+002    -  2.18e-001 3.52e-001f  2
  86 6.6491342e+001 0.00e+000 2.67e-001  -9.0 1.11e+003    -  2.14e-001 7.68e-002f  1
  87 8.9454924e+001 0.00e+000 1.72e-001  -2.5 6.20e+003    -  1.82e-001 7.52e-002f  1
  88 8.6719005e+001 0.00e+000 1.69e-001  -3.0 4.39e+002    -  5.89e-001 6.46e-002f  1
  89 8.4866058e+001 0.00e+000 1.19e-001  -3.0 3.43e+002    -  2.94e-001 3.74e-002f  1
iter    objective    inf_pr   inf_du lg(mu)  ||d||  lg(rg) alpha_du alpha_pr  ls
  90 6.9157173e+001 0.00e+000 1.41e-001  -3.0 6.16e+002    -  2.02e-001 2.40e-001f  1
  91 6.7695416e+001 0.00e+000 2.79e-002  -3.0 4.89e+002    -  1.46e-001 9.79e-002f  2
  92 6.8881140e+001 0.00e+000 1.58e-001  -3.0 5.33e+001    -  2.15e-001 1.74e-001f  2
  93 6.7661995e+001 0.00e+000 5.17e-002  -3.0 2.65e+002    -  2.32e-001 1.71e-001f  2
  94 6.7312063e+001 0.00e+000 9.37e-002  -3.0 1.10e+002    -  5.79e-001 1.33e-001f  1
  95 6.6334674e+001 0.00e+000 5.36e-002  -3.0 1.59e+002    -  6.17e-001 3.33e-001f  1
  96 6.3529069e+001 0.00e+000 2.13e-001  -9.1 2.08e+002    -  1.49e-001 3.02e-001f  1
  97 6.6911648e+001 0.00e+000 3.28e-001  -2.9 2.87e+002    -  6.00e-001 1.47e-001f  1
  98 5.8897231e+001 0.00e+000 1.25e-001  -3.1 2.50e+002    -  1.91e-001 1.84e-001f  1
  99 5.2941394e+001 0.00e+000 1.97e-002  -9.0 4.29e+002    -  7.14e-002 8.02e-002f  1
iter    objective    inf_pr   inf_du lg(mu)  ||d||  lg(rg) alpha_du alpha_pr  ls
 100 5.2784443e+001 0.00e+000 2.44e-001  -5.1 4.29e+002    -  6.89e-002 6.80e-002f  1
 101 4.8522091e+001 0.00e+000 8.34e-002  -3.6 4.74e+001    -  2.42e-001 4.20e-001f  1
 102 4.9932649e+001 0.00e+000 2.96e-002  -2.8 1.31e+002    -  1.91e-001 3.64e-002f  1
 103 4.9701153e+001 0.00e+000 6.32e-002  -3.2 7.42e+001    -  4.40e-001 1.01e-001f  1
 104 4.9453556e+001 0.00e+000 5.04e-002  -3.2 2.65e+002    -  5.08e-001 9.60e-002f  2
 105 5.4784816e+001 0.00e+000 1.19e-002  -3.2 7.87e+001    -  7.51e-001 7.04e-001f  1
 106 5.3875949e+001 0.00e+000 2.10e-002  -3.2 1.54e+002    -  7.08e-001 3.17e-001f  2
 107 5.2963185e+001 0.00e+000 8.44e-002  -3.2 2.81e+002    -  4.35e-001 1.33e-001f  1
 108 5.2192453e+001 0.00e+000 1.41e-002  -3.2 4.02e+002    -  2.70e-001 7.30e-002f  3
 109 5.1792162e+001 0.00e+000 2.08e-002  -3.2 6.90e+002    -  1.92e-001 1.17e-002f  1
iter    objective    inf_pr   inf_du lg(mu)  ||d||  lg(rg) alpha_du alpha_pr  ls
 110 5.0563874e+001 0.00e+000 1.40e-002  -3.2 2.93e+002    -  5.95e-001 1.97e-001f  1
 111 5.0381607e+001 0.00e+000 1.98e-002  -3.2 5.37e+002    -  2.70e-001 4.70e-002f  3
 112 4.9808742e+001 0.00e+000 2.60e-002  -3.2 4.87e+002    -  2.44e-001 7.44e-002f  2
 113 4.8677755e+001 0.00e+000 2.61e-002  -3.2 3.30e+002    -  6.16e-001 2.12e-001f  1
 114 4.9018047e+001 0.00e+000 5.14e-002  -3.2 4.70e+002    -  1.37e-001 5.32e-002f  2
 115 4.9003636e+001 0.00e+000 1.64e-002  -3.2 5.83e+002    -  2.99e-001 7.34e-002f  1
 116 4.8504173e+001 0.00e+000 4.00e-002  -3.2 2.22e+002    -  1.00e+000 6.57e-002f  2
 117 4.0736511e+001 0.00e+000 5.47e-002  -4.2 1.64e+002    -  2.75e-001 3.13e-001f  1
 118 4.0487638e+001 0.00e+000 4.86e-002  -3.5 2.85e+002    -  3.64e-001 1.55e-002f  1
 119 4.0132923e+001 0.00e+000 5.66e-002  -3.3 1.92e+002    -  5.15e-001 6.98e-002f  3
iter    objective    inf_pr   inf_du lg(mu)  ||d||  lg(rg) alpha_du alpha_pr  ls
 120 3.9891788e+001 0.00e+000 6.18e-003  -3.5 5.90e+002    -  1.99e-001 4.16e-002f  3
 121 3.9367452e+001 0.00e+000 6.01e-003  -9.4 2.70e+002    -  1.01e-001 2.41e-002f  1
 122 3.8284058e+001 0.00e+000 5.09e-002  -3.7 2.17e+002    -  3.04e-001 1.47e-001f  1
 123 3.8127393e+001 0.00e+000 1.69e-002  -3.6 2.49e+002    -  3.81e-001 5.22e-002f  5
 124 3.7616494e+001 0.00e+000 5.77e-002  -4.9 7.66e+002    -  1.01e-001 5.13e-002f  3
 125 3.7059360e+001 0.00e+000 2.20e-002  -3.6 2.04e+002    -  9.90e-001 7.62e-002f  1
 126 4.2978827e+001 0.00e+000 2.04e-002  -3.2 2.12e+002    -  2.22e-001 2.03e-001f  1
 127 4.2803393e+001 0.00e+000 4.58e-002  -3.6 3.25e+002    -  4.28e-001 1.61e-002f  3
 128 4.1634362e+001 0.00e+000 9.88e-003  -3.6 2.62e+002    -  1.08e-001 2.11e-001f  1
 129 4.0090950e+001 0.00e+000 1.25e-002  -3.6 5.11e+002    -  1.33e-001 5.74e-002f  1
iter    objective    inf_pr   inf_du lg(mu)  ||d||  lg(rg) alpha_du alpha_pr  ls
 130 3.8009338e+001 0.00e+000 1.13e-002  -3.6 2.47e+002    -  1.92e-001 1.94e-001f  1
 131 3.7771019e+001 0.00e+000 7.43e-002  -3.6 1.28e+002    -  2.96e-001 3.53e-002f  3
 132 3.5707014e+001 0.00e+000 1.48e-002  -3.6 1.95e+002    -  1.28e-001 2.28e-001f  1
 133 3.5593576e+001 0.00e+000 4.02e-002  -5.1 5.04e+002    -  6.92e-002 2.41e-002f  3
 134 3.5127860e+001 0.00e+000 2.09e-002  -3.6 8.25e+001    -  3.07e-001 2.98e-001f  1
 135 3.5531213e+001 0.00e+000 3.50e-003  -3.3 1.97e+002    -  3.52e-001 5.98e-002f  1
 136 3.5339133e+001 0.00e+000 2.62e-002  -3.6 3.04e+002    -  2.16e-001 4.15e-002f  2
 137 3.5441569e+001 0.00e+000 2.16e-002  -3.6 5.34e+001    -  4.15e-001 1.14e-001f  3
 138 3.5361262e+001 0.00e+000 4.07e-002  -3.6 1.88e+002    -  1.76e-001 2.76e-002f  4
 139 3.5265840e+001 0.00e+000 4.94e-003  -3.6 1.55e+002    -  1.58e-001 2.80e-002f  3
iter    objective    inf_pr   inf_du lg(mu)  ||d||  lg(rg) alpha_du alpha_pr  ls
 140 3.5287021e+001 0.00e+000 1.31e-002  -3.6 1.98e+002    -  3.16e-001 6.40e-002f  3
 141 3.5357173e+001 0.00e+000 2.52e-002  -3.6 1.09e+002    -  2.23e-001 1.11e-001f  4
 142 3.5290204e+001 0.00e+000 1.07e-002  -3.6 2.09e+002    -  2.27e-001 4.61e-002f  3
 143 3.5271874e+001 0.00e+000 1.76e-002  -3.6 3.33e+001    -  5.25e-001 1.16e-001f  3
 144 3.5167381e+001 0.00e+000 4.64e-003  -3.6 6.79e+001    -  6.76e-001 1.51e-001f  2
 145 3.5155520e+001 0.00e+000 2.29e-003  -3.6 4.86e+001    -  5.76e-001 9.49e-002f  3
 146 3.4780912e+001 0.00e+000 9.20e-002  -5.4 1.40e+002    -  5.63e-001 7.37e-002f  3
 147 3.7478587e+001 0.00e+000 2.56e-002  -3.4 4.45e+001    -  1.00e+000 3.60e-001f  1
 148 3.7991890e+001 0.00e+000 3.54e-002  -3.5 5.12e+001    -  4.36e-001 4.12e-001f  2
 149 3.7514773e+001 0.00e+000 2.74e-002  -3.5 1.44e+002    -  1.35e-001 4.77e-002f  2
iter    objective    inf_pr   inf_du lg(mu)  ||d||  lg(rg) alpha_du alpha_pr  ls
 150 3.7366928e+001 0.00e+000 2.99e-002  -3.5 1.18e+002    -  5.24e-001 6.08e-002f  3
 151 3.6555471e+001 0.00e+000 3.39e-002  -3.5 1.15e+002    -  6.24e-001 1.01e-001f  2
 152 3.6425143e+001 0.00e+000 1.65e-002  -3.5 6.86e+001    -  3.61e-001 4.91e-002f  5
 153 3.6314710e+001 0.00e+000 1.87e-002  -3.5 7.43e+001    -  1.00e+000 8.14e-002f  2
 154 3.6436913e+001 0.00e+000 1.06e-002  -3.5 1.41e+002    -  9.17e-001 8.72e-002f  2
 155 3.6531695e+001 0.00e+000 3.50e-002  -3.5 2.69e+002    -  2.60e-001 7.54e-002f  4
 156 3.6179895e+001 0.00e+000 1.94e-003  -3.5 7.13e+002    -  2.47e-001 3.62e-002f  3
 157 3.5779034e+001 0.00e+000 2.91e-002  -5.2 7.81e+002    -  3.70e-002 9.70e-002f  1
 158 3.5063136e+001 0.00e+000 2.69e-002  -5.2 3.47e+002    -  4.36e-002 1.34e-001f  1
 159 3.4312727e+001 0.00e+000 1.60e-002  -5.2 2.48e+002    -  2.85e-002 7.51e-002f  2
iter    objective    inf_pr   inf_du lg(mu)  ||d||  lg(rg) alpha_du alpha_pr  ls
 160 3.4223091e+001 0.00e+000 1.71e-002  -9.6 1.62e+002    -  1.50e-001 3.95e-003f  1
 161 3.4160256e+001 0.00e+000 1.71e-002  -4.0 2.43e+003    -  8.10e-002 4.11e-003f  4
 162 3.3475963e+001 0.00e+000 7.61e-002  -4.7 4.11e+002    -  1.80e-001 6.22e-002f  2
 163 3.3243796e+001 0.00e+000 1.26e-002  -4.0 1.22e+003    -  8.67e-002 1.92e-002f  3
 164 3.2911480e+001 0.00e+000 2.54e-002  -5.0 4.53e+002    -  1.94e-001 3.38e-002f  3
 165 3.2613549e+001 0.00e+000 2.78e-002  -4.4 7.26e+002    -  9.25e-002 2.85e-002f  3
 166 3.2364010e+001 0.00e+000 2.12e-002  -4.4 2.36e+003    -  6.76e-002 2.89e-002f  1
 167 3.2290359e+001 0.00e+000 3.79e-002  -9.9 4.04e+003    -  3.08e-003 8.50e-003f  2
 168 3.2248041e+001 0.00e+000 4.54e-003  -5.2 8.12e+002    -  7.20e-002 6.77e-003f  3
 169 3.2719267e+001 0.00e+000 1.76e-002  -1.9 5.55e+004    -  8.63e-004 2.49e-004f  1
iter    objective    inf_pr   inf_du lg(mu)  ||d||  lg(rg) alpha_du alpha_pr  ls
 170 3.2531580e+001 0.00e+000 6.26e-002  -4.0 2.26e+003    -  2.00e-001 8.53e-003f  3
 171 3.2479195e+001 0.00e+000 4.15e-002  -4.0 3.17e+002    -  4.97e-002 6.40e-003f  4
 172 3.0197898e+001 0.00e+000 4.66e-003  -4.0 6.31e+001    -  7.43e-001 1.00e+000f  1
 173 3.0127677e+001 0.00e+000 3.61e-003  -4.2 1.65e+002    -  4.25e-001 2.32e-002f  4
 174 3.0043730e+001 0.00e+000 2.21e-002  -4.1 6.08e+001    -  7.52e-001 8.00e-002f  4
 175 2.9995246e+001 0.00e+000 9.98e-003  -4.1 3.19e+001    -  9.34e-001 5.98e-002f  5
 176 2.9976094e+001 0.00e+000 1.32e-002  -4.1 2.96e+001    -  5.17e-001 3.90e-002f  5
 177 2.9909857e+001 0.00e+000 4.75e-003  -4.1 7.86e+001    -  8.33e-001 6.41e-002f  3
 178 2.9873023e+001 0.00e+000 3.10e-002  -5.2 7.82e+001    -  3.76e-001 1.64e-001f  1
 179 2.9951938e+001 0.00e+000 1.37e-002  -3.7 4.58e+002    -  2.08e-001 1.96e-002f  4
iter    objective    inf_pr   inf_du lg(mu)  ||d||  lg(rg) alpha_du alpha_pr  ls
 180 2.9760964e+001 0.00e+000 8.25e-003  -4.2 9.66e+001    -  2.36e-001 7.41e-002f  3
 181 2.9520118e+001 0.00e+000 1.07e-002  -4.6 1.29e+002    -  2.15e-001 5.96e-002f  1
 182 2.9572612e+001 0.00e+000 3.60e-002  -3.9 2.41e+002    -  1.69e-001 2.61e-002f  3
 183 2.9492216e+001 0.00e+000 1.25e-002  -4.2 9.91e+001    -  9.76e-002 2.98e-002f  3
 184 2.9412266e+001 0.00e+000 1.21e-002  -4.3 4.44e+001    -  6.34e-001 9.01e-002f  3
 185 2.9341938e+001 0.00e+000 9.40e-003  -4.2 3.63e+002    -  1.08e-001 2.89e-002f  3
 186 2.9334774e+001 0.00e+000 2.02e-002  -4.4 2.67e+002    -  7.09e-002 6.46e-003f  5
 187 2.8933479e+001 0.00e+000 1.60e-002  -4.5 2.27e+001    -  9.91e-001 3.99e-001f  2
 188 3.1183125e+001 0.00e+000 6.21e-002  -3.2 9.71e+002    -  2.68e-001 2.26e-002f  1
 189 3.1340790e+001 0.00e+000 6.17e-002  -3.8 2.15e+002    -  1.56e-001 2.35e-002f  4
iter    objective    inf_pr   inf_du lg(mu)  ||d||  lg(rg) alpha_du alpha_pr  ls
 190 3.1604633e+001 0.00e+000 4.17e-002  -3.8 4.27e+001    -  8.58e-001 1.06e-001f  2
 191 3.1183996e+001 0.00e+000 1.89e-002  -3.8 4.59e+001    -  5.39e-002 1.92e-001f  1
 192 3.0700581e+001 0.00e+000 1.14e-002  -3.8 7.85e+001    -  1.91e-001 2.09e-001f  1
 193 3.0683453e+001 0.00e+000 4.69e-002  -3.8 1.35e+002    -  1.15e-001 1.08e-002f  4
 194 3.0787262e+001 0.00e+000 2.29e-002  -3.8 7.18e+001    -  3.01e-001 1.08e-001f  2
 195 3.0771989e+001 0.00e+000 6.48e-003  -3.8 4.46e+001    -  8.34e-002 1.55e-001f  3
 196 3.0776997e+001 0.00e+000 1.87e-002  -3.8 3.91e+001    -  2.98e-001 2.11e-002f  3
 197 3.0807614e+001 0.00e+000 7.88e-003  -3.8 5.69e+001    -  3.59e-001 3.54e-002f  5
 198 3.0808770e+001 0.00e+000 4.32e-003  -3.8 6.69e+001    -  4.99e-001 1.53e-002f  2
 199 3.0892992e+001 0.00e+000 6.65e-003  -3.8 1.53e+001    -  5.00e-001 1.25e-001f  4
iter    objective    inf_pr   inf_du lg(mu)  ||d||  lg(rg) alpha_du alpha_pr  ls
 200 3.0951595e+001 0.00e+000 1.28e-002  -3.8 3.08e+001    -  1.00e+000 8.72e-002f  4
 201 3.0952107e+001 0.00e+000 3.83e-003  -3.8 1.20e+002    -  3.27e-001 9.32e-003f  6
 202 3.0955393e+001 0.00e+000 4.89e-003  -3.8 9.83e+000    -  1.00e+000 1.03e-001f  4
 203 3.2971688e+001 0.00e+000 1.31e-001  -3.8 1.53e+001    -  1.00e+000 1.00e+000w  1
 204 3.3628856e+001 0.00e+000 3.62e-002  -3.8 1.25e+001    -  4.51e-001 6.92e-001w  1
 205 3.3494021e+001 0.00e+000 5.58e-002  -3.8 2.49e+002    -  6.81e-002 1.25e-002w  1
 206 3.0973216e+001 0.00e+000 5.01e-003  -3.8 3.67e+002    -  1.00e+000 6.25e-002f  4
 207 3.1013255e+001 0.00e+000 2.89e-003  -3.8 5.81e+001    -  5.53e-001 5.02e-002f  4
 208 3.1026691e+001 0.00e+000 8.86e-003  -3.8 5.94e+001    -  6.60e-001 1.56e-002f  7
 209 3.1044312e+001 0.00e+000 2.87e-003  -3.8 6.99e+000    -  1.00e+000 6.25e-002f  5
iter    objective    inf_pr   inf_du lg(mu)  ||d||  lg(rg) alpha_du alpha_pr  ls
 210 3.1091017e+001 0.00e+000 7.76e-003  -3.8 6.14e+000    -  1.00e+000 2.50e-001f  3
 211 3.1121244e+001 0.00e+000 7.55e-003  -3.8 1.66e+001    -  1.00e+000 1.72e-001f  2
 212 3.1119934e+001 0.00e+000 2.97e-003  -3.8 2.49e+001    -  6.53e-001 2.57e-002f  6
 213 3.1140534e+001 0.00e+000 8.56e-003  -3.8 1.58e+001    -  6.90e-001 5.50e-002f  4
 214 3.1148416e+001 0.00e+000 9.33e-003  -3.8 3.44e+001    -  6.30e-001 1.63e-002f  6
 215 3.1160318e+001 0.00e+000 3.22e-003  -3.8 2.93e+001    -  1.00e+000 3.12e-002f  6
 216 3.2562021e+001 0.00e+000 1.84e-002  -3.8 3.77e+001    -  1.00e+000 4.29e-001w  1
 217 3.3464617e+001 0.00e+000 1.23e-001  -3.8 1.62e+001    -  1.00e+000 6.25e-001w  1
 218 3.2469777e+001 0.00e+000 6.99e-002  -3.8 5.05e+001    -  7.06e-002 1.74e-001w  1
 219 3.1193785e+001 0.00e+000 5.37e-003  -3.8 2.70e+001    -  1.00e+000 5.37e-002f  3
iter    objective    inf_pr   inf_du lg(mu)  ||d||  lg(rg) alpha_du alpha_pr  ls
 220 3.1202698e+001 0.00e+000 9.85e-003  -3.8 7.51e+000    -  1.00e+000 1.25e-001f  4
 221 3.1183643e+001 0.00e+000 3.11e-003  -3.8 3.59e+001    -  1.00e+000 3.93e-002f  5
 222 3.1162443e+001 0.00e+000 5.12e-003  -3.8 1.69e+001    -  1.00e+000 1.25e-001f  4
 223 3.1176531e+001 0.00e+000 4.00e-003  -3.8 2.90e+001    -  6.62e-001 3.12e-002f  6
 224 3.1206132e+001 0.00e+000 5.02e-003  -3.8 5.09e+001    -  1.00e+000 7.07e-002f  4
 225 3.1232167e+001 0.00e+000 3.06e-003  -3.8 7.89e+001    -  4.93e-001 5.23e-002f  4
 226 3.1260126e+001 0.00e+000 2.12e-003  -3.8 3.90e+001    -  5.57e-001 6.24e-002f  5
 227 3.1271917e+001 0.00e+000 1.01e-002  -3.8 3.10e+001    -  6.41e-001 6.25e-002f  5
 228 3.1265328e+001 0.00e+000 3.00e-003  -3.8 3.50e+001    -  7.77e-001 5.23e-002f  4
 229 3.4070422e+001 0.00e+000 9.04e-002  -3.8 3.08e+001    -  6.21e-001 8.29e-001w  1
iter    objective    inf_pr   inf_du lg(mu)  ||d||  lg(rg) alpha_du alpha_pr  ls
 230 3.7533947e+001 0.00e+000 2.95e-001  -3.8 3.97e+001    -  7.69e-001 1.00e+000w  1
 231 3.6446457e+001 0.00e+000 2.27e-001  -3.8 4.78e+002    -  5.06e-002 2.75e-002w  1
 232 3.1273095e+001 0.00e+000 1.40e-002  -3.8 2.73e+002    -  6.21e-001 1.04e-001f  3
 233 3.1270393e+001 0.00e+000 3.41e-003  -3.8 6.24e+001    -  3.58e-001 3.57e-002f  4
 234 3.1264034e+001 0.00e+000 2.13e-003  -3.8 2.87e+001    -  4.67e-001 6.25e-002f  5
 235 3.1239518e+001 0.00e+000 6.09e-003  -3.8 4.04e+001    -  7.51e-001 2.03e-002f  5
 236 3.1226748e+001 0.00e+000 9.44e-003  -3.8 2.48e+001    -  1.00e+000 1.25e-001f  4
 237 3.1169868e+001 0.00e+000 2.16e-002  -3.8 3.27e+001    -  3.27e-001 6.68e-002f  4
 238 3.1226789e+001 0.00e+000 6.74e-003  -3.8 1.33e+002    -  3.76e-001 6.35e-002f  3
 239 3.1221835e+001 0.00e+000 9.34e-004  -3.8 4.47e+001    -  5.29e-001 5.72e-002f  5
iter    objective    inf_pr   inf_du lg(mu)  ||d||  lg(rg) alpha_du alpha_pr  ls
 240 3.1147614e+001 0.00e+000 6.98e-002  -5.7 1.71e+002    -  2.87e-001 7.37e-002f  3
 241 3.0780694e+001 0.00e+000 1.50e-002  -5.7 1.54e+002    -  2.35e-001 9.06e-002f  2
 242 3.0368246e+001 0.00e+000 3.54e-002  -5.7 4.42e+001    -  6.45e-002 1.33e-001f  3
 243 2.9892253e+001 0.00e+000 6.52e-003  -5.7 1.47e+002    -  9.30e-002 9.19e-002f  1
 244 2.9599010e+001 0.00e+000 4.33e-002  -5.7 3.80e+001    -  3.29e-001 6.15e-002f  2
 245 2.9257421e+001 0.00e+000 1.72e-002  -5.7 5.95e+001    -  2.17e-001 2.11e-001f  1
 246 2.9253557e+001 0.00e+000 1.71e-002  -5.7 1.61e+002    -  7.52e-002 2.86e-003f  1
 247 2.9029753e+001 0.00e+000 8.29e-003  -5.7 5.48e+001    -  2.16e-001 3.72e-001f  2
 248 2.8944297e+001 0.00e+000 3.81e-002  -5.7 4.83e+002    -  4.54e-002 7.73e-003f  4
 249 2.8834902e+001 0.00e+000 1.27e-002  -5.7 8.40e+002    -  1.77e-002 6.31e-003f  3
iter    objective    inf_pr   inf_du lg(mu)  ||d||  lg(rg) alpha_du alpha_pr  ls
 250 2.8786488e+001 0.00e+000 2.20e-002 -10.5 1.41e+002    -  7.17e-002 7.01e-002f  2
 251 2.9335900e+001 0.00e+000 3.90e-002  -3.6 4.47e+002    -  2.55e-002 1.42e-002f  3
 252 2.9312900e+001 0.00e+000 1.34e-002  -4.6 2.49e+002    -  1.12e-001 1.73e-002f  3
 253 2.8154672e+001 0.00e+000 1.07e-002  -4.6 2.44e+001    -  4.13e-001 4.57e-001f  1
 254 2.8149958e+001 0.00e+000 8.27e-003  -3.5 1.05e+003    -  7.30e-002 1.40e-003f  1
 255 2.8146890e+001 0.00e+000 4.60e-003  -4.4 3.26e+000    -  7.90e-001 1.00e+000f  1
 256 2.8126904e+001 0.00e+000 1.53e-002 -10.4 5.08e+001    -  1.72e-001 3.67e-002f  3
 257 2.8096877e+001 0.00e+000 7.66e-003  -4.5 3.75e+001    -  6.39e-001 4.63e-002f  5
 258 2.8147664e+001 0.00e+000 1.29e-002  -4.2 2.92e+001    -  2.44e-001 5.62e-002f  5
 259 2.8136778e+001 0.00e+000 3.93e-003  -4.5 1.27e+001    -  6.24e-001 6.58e-002f  2
iter    objective    inf_pr   inf_du lg(mu)  ||d||  lg(rg) alpha_du alpha_pr  ls
 260 2.8108929e+001 0.00e+000 6.99e-003  -4.5 4.97e+001    -  6.64e-001 4.00e-002f  2
 261 2.8095759e+001 0.00e+000 2.66e-003  -4.5 2.30e+001    -  2.37e-001 7.32e-002f  3
 262 3.5823465e+001 0.00e+000 5.33e-002  -2.5 2.13e+003    -  6.34e-003 8.92e-003f  1
 263 3.4988535e+001 0.00e+000 2.13e-001  -4.4 6.04e+001    -  7.24e-003 2.52e-001f  1
 264 3.2593034e+001 0.00e+000 1.52e-001  -4.4 1.19e+002    -  9.21e-002 5.13e-002f  1
 265 3.0004563e+001 0.00e+000 6.08e-002  -4.4 3.14e+001    -  1.10e-001 4.65e-001f  1
 266 2.9497191e+001 0.00e+000 4.88e-002  -4.4 4.51e+001    -  5.30e-001 8.64e-002f  1
 267 2.9485846e+001 0.00e+000 5.47e-002  -4.4 7.68e+001    -  2.43e-002 5.55e-003f  7
 268 2.9395768e+001 0.00e+000 9.07e-002  -4.4 3.44e+001    -  8.40e-002 1.48e-001f  1
 269 2.9097470e+001 0.00e+000 6.35e-002  -4.4 1.90e+002    -  5.40e-002 1.14e-002f  1
iter    objective    inf_pr   inf_du lg(mu)  ||d||  lg(rg) alpha_du alpha_pr  ls
 270 2.8945247e+001 0.00e+000 7.14e-002  -4.4 1.30e+001    -  1.44e-001 6.05e-001f  1
 271 2.8947808e+001 0.00e+000 1.66e-002  -4.4 2.53e+001    -  1.60e-001 3.23e-001f  1
 272 2.8924301e+001 0.00e+000 8.91e-003  -4.4 1.54e+002    -  1.06e-001 2.93e-002f  3
 273 2.8718469e+001 0.00e+000 2.76e-002  -4.4 5.72e+001    -  1.04e-001 4.47e-002f  1
 274 2.8703480e+001 0.00e+000 3.84e-002  -4.4 4.19e+001    -  2.95e-001 1.51e-002f  1
 275 2.8655332e+001 0.00e+000 4.09e-002  -4.4 2.04e+001    -  2.31e-001 7.84e-002f  3
 276 2.8558733e+001 0.00e+000 2.06e-002  -4.4 2.36e+001    -  1.69e-001 7.18e-002f  1
 277 2.8482388e+001 0.00e+000 1.37e-002  -4.4 2.60e+001    -  2.54e-001 3.74e-002f  1
 278 2.8448149e+001 0.00e+000 3.20e-002  -4.4 6.04e+001    -  1.23e-001 5.96e-002f  3
 279 2.8440920e+001 0.00e+000 2.61e-002  -4.4 2.89e+001    -  1.33e-001 1.75e-002f  2
iter    objective    inf_pr   inf_du lg(mu)  ||d||  lg(rg) alpha_du alpha_pr  ls
 280 2.8390216e+001 0.00e+000 1.93e-003  -4.4 5.88e+000    -  1.00e+000 4.40e-001f  2
 281 2.8309978e+001 0.00e+000 3.33e-003  -4.4 3.90e+001    -  1.49e-001 3.76e-002f  2
 282 2.8313120e+001 0.00e+000 7.02e-003  -4.4 2.08e+000    -  2.79e-001 1.65e-001f  3
 283 2.8315567e+001 0.00e+000 1.48e-003  -4.4 4.11e+000    -  8.09e-001 1.31e-001f  3
 284 2.8314439e+001 0.00e+000 3.36e-003  -4.4 9.29e+000    -  1.54e-001 4.03e-002f  5
 285 2.8316577e+001 0.00e+000 4.49e-003  -4.4 1.45e+001    -  6.75e-001 1.10e-001f  2
 286 2.8301811e+001 0.00e+000 5.64e-003  -4.4 7.05e+000    -  8.27e-001 1.23e-001f  4
 287 2.8296687e+001 0.00e+000 1.25e-003  -4.4 2.30e+001    -  1.98e-001 4.22e-002f  5
 288 2.9550153e+001 0.00e+000 1.01e-001  -4.4 2.61e+001    -  6.64e-001 2.14e-001w  1
 289 2.8958690e+001 0.00e+000 4.61e-002  -4.4 1.68e+001    -  3.83e-001 3.18e-001w  1
iter    objective    inf_pr   inf_du lg(mu)  ||d||  lg(rg) alpha_du alpha_pr  ls
 290 2.8724798e+001 0.00e+000 8.31e-002  -4.4 8.09e+001    -  2.50e-002 5.93e-002w  1
 291 2.8296032e+001 0.00e+000 4.43e-003  -4.4 1.31e+002    -  6.64e-001 6.70e-003f  5
 292 2.8291804e+001 0.00e+000 2.09e-003  -4.4 1.45e+001    -  8.79e-001 3.94e-002f  4
 293 2.8282193e+001 0.00e+000 1.44e-003  -4.4 3.63e+001    -  3.41e-001 1.14e-002f  3
 294 2.8282266e+001 0.00e+000 6.11e-003  -4.4 7.87e+000    -  3.40e-001 1.23e-001f  3
 295 2.8276899e+001 0.00e+000 2.22e-003  -4.4 3.19e+001    -  3.40e-001 3.63e-002f  5
 296 2.8272206e+001 0.00e+000 6.61e-003  -4.4 3.85e+001    -  3.13e-001 1.31e-002f  5
 297 2.8252929e+001 0.00e+000 1.91e-003  -4.4 1.48e+001    -  5.47e-001 5.45e-002f  2
 298 2.8229921e+001 0.00e+000 1.56e-002  -4.4 3.03e+001    -  3.06e-001 6.54e-002f  4
 299 2.8217184e+001 0.00e+000 5.07e-003  -4.4 7.52e+001    -  1.68e-001 6.87e-003f  4
iter    objective    inf_pr   inf_du lg(mu)  ||d||  lg(rg) alpha_du alpha_pr  ls
 300 2.8204658e+001 0.00e+000 2.60e-003  -4.4 7.09e+000    -  2.99e-001 9.41e-002f  3

Number of Iterations....: 300

                                   (scaled)                 (unscaled)
Objective...............:  6.5911362600276269e-001   2.8204658236876739e+001
Dual infeasibility......:  2.6038198519734179e-003   1.1142213745554914e-001
Constraint violation....:  0.0000000000000000e+000   0.0000000000000000e+000
Complementarity.........:  1.1608040711582976e-004   4.9672895257149036e-003
Overall NLP error.......:  2.6038198519734179e-003   1.1142213745554914e-001


Number of objective function evaluations             = 1214
Number of objective gradient evaluations             = 301
Number of equality constraint evaluations            = 0
Number of inequality constraint evaluations          = 0
Number of equality constraint Jacobian evaluations   = 0
Number of inequality constraint Jacobian evaluations = 0
Number of Lagrangian Hessian evaluations             = 0
Total CPU secs in IPOPT (w/o function evaluations)   =      3.422
Total CPU secs in NLP function evaluations           =    751.396

EXIT: Maximum Number of Iterations Exceeded.
