This is Ipopt version 3.12, running with linear solver ma57.

Number of nonzeros in equality constraint Jacobian...:        0
Number of nonzeros in inequality constraint Jacobian.:        0
Number of nonzeros in Lagrangian Hessian.............:        0

Total number of variables............................:     6648
                     variables with only lower bounds:        0
                variables with lower and upper bounds:     6648
                     variables with only upper bounds:        0
Total number of equality constraints.................:        0
Total number of inequality constraints...............:        0
        inequality constraints with only lower bounds:        0
   inequality constraints with lower and upper bounds:        0
        inequality constraints with only upper bounds:        0

iter    objective    inf_pr   inf_du lg(mu)  ||d||  lg(rg) alpha_du alpha_pr  ls
   0 1.7720415e+005 0.00e+000 5.20e+001   0.0 0.00e+000    -  0.00e+000 0.00e+000   0
   1 1.7319003e+005 0.00e+000 5.06e+001  -2.9 5.19e+001    -  9.50e-001 1.00e+000f  1
   2 9.0317771e+004 0.00e+000 2.22e+001   0.7 2.30e+003    -  4.16e-001 5.03e-001f  1
   3 8.9266888e+004 0.00e+000 1.57e+001  -0.5 1.36e+003    -  7.25e-001 1.48e-002f  1
   4 7.7229717e+004 0.00e+000 8.76e+000   0.3 1.55e+003    -  9.97e-001 1.45e-001f  1
   5 4.1619558e+004 0.00e+000 8.36e+000  -5.7 2.34e+003    -  4.12e-001 3.28e-001f  1
   6 4.0204652e+004 0.00e+000 7.56e+000  -1.5 1.34e+003    -  6.72e-001 2.61e-002f  1
   7 3.0522076e+004 0.00e+000 7.64e+000  -6.4 1.47e+003    -  5.68e-001 1.82e-001f  1
   8 2.4430862e+004 0.00e+000 6.51e+000  -6.7 1.13e+003    -  6.26e-001 1.65e-001f  1
   9 1.9438306e+004 0.00e+000 5.15e+000  -7.1 1.04e+003    -  6.37e-001 1.91e-001f  1
iter    objective    inf_pr   inf_du lg(mu)  ||d||  lg(rg) alpha_du alpha_pr  ls
  10 1.6173150e+004 0.00e+000 3.99e+000  -7.4 1.26e+003    -  5.98e-001 1.51e-001f  1
  11 1.3664293e+004 0.00e+000 3.59e+000  -1.2 1.50e+003    -  1.00e+000 1.48e-001f  1
  12 1.2238446e+004 0.00e+000 3.02e+000  -7.1 1.64e+003    -  5.35e-001 8.99e-002f  1
  13 1.0470781e+004 0.00e+000 2.16e+000  -2.1 2.18e+003    -  7.82e-001 1.23e-001f  1
  14 9.7191767e+003 0.00e+000 1.97e+000  -7.6 1.77e+003    -  3.94e-002 5.46e-002f  1
  15 9.6871250e+003 0.00e+000 1.98e+000  -7.7 3.80e+003    -  2.01e-002 1.38e-003f  1
  16 9.5050602e+003 0.00e+000 2.08e+000  -0.3 3.48e+003    -  6.20e-002 9.23e-003f  1
  17 7.9934559e+003 0.00e+000 2.93e+000  -1.3 3.40e+003    -  6.72e-001 9.91e-002f  1
  18 7.6479884e+003 0.00e+000 3.14e+000  -7.3 3.16e+003    -  2.43e-001 2.64e-002f  1
  19 7.5044999e+003 0.00e+000 3.09e+000  -7.4 2.50e+003    -  7.33e-002 1.03e-002f  1
iter    objective    inf_pr   inf_du lg(mu)  ||d||  lg(rg) alpha_du alpha_pr  ls
  20 7.3276648e+003 0.00e+000 3.04e+000  -2.0 4.62e+003    -  2.22e-003 7.17e-003f  1
  21 7.3248443e+003 0.00e+000 3.04e+000  -7.4 3.76e+003    -  4.30e-003 1.24e-004f  1
  22 7.0566689e+003 0.00e+000 2.91e+000  -0.3 1.49e+004    -  4.69e-004 7.21e-003f  1
  23 6.7743463e+003 0.00e+000 2.87e+000  -7.4 3.53e+003    -  5.34e-003 9.97e-003f  1
  24 6.5764927e+003 0.00e+000 2.51e+000   0.1 4.17e+004    -  5.96e-004 1.84e-002f  1
  25 6.3311451e+003 0.00e+000 2.49e+000  -1.8 6.74e+003    -  4.60e-002 6.95e-003f  1
  26 5.8471216e+003 0.00e+000 2.56e+000  -7.4 3.80e+003    -  7.07e-002 2.19e-002f  1
  27 5.8110345e+003 0.00e+000 2.52e+000  -7.5 1.25e+004    -  7.24e-002 9.70e-004f  1
  28 5.3668704e+003 0.00e+000 2.43e+000  -3.4 2.10e+003    -  1.60e-001 3.43e-002f  1
  29 5.3255293e+003 0.00e+000 2.46e+000  -7.6 8.43e+003    -  3.07e-002 2.83e-003f  1
iter    objective    inf_pr   inf_du lg(mu)  ||d||  lg(rg) alpha_du alpha_pr  ls
  30 4.5857110e+003 0.00e+000 2.32e+000  -1.3 7.99e+003    -  1.46e-002 2.04e-002f  1
  31 3.7533471e+003 0.00e+000 3.69e+000  -0.6 3.15e+003    -  9.94e-004 8.53e-002f  1
  32 3.6219264e+003 0.00e+000 3.47e+000  -7.6 2.98e+004    -  8.80e-003 6.89e-004f  1
  33 3.5961830e+003 0.00e+000 3.46e+000  -7.6 2.85e+003    -  1.60e-001 3.42e-003f  1
  34 3.5862254e+003 0.00e+000 3.45e+000  -7.6 3.42e+003    -  7.35e-002 8.56e-004f  1
  35 3.3219120e+003 0.00e+000 3.23e+000  -7.7 7.63e+003    -  2.47e-002 7.68e-003f  1
  36 2.9271586e+003 0.00e+000 3.08e+000  -1.8 3.41e+003    -  4.28e-002 4.27e-002f  1
  37 2.8079368e+003 0.00e+000 2.92e+000  -7.7 3.52e+003    -  4.94e-002 1.65e-002f  1
  38 2.7962059e+003 0.00e+000 2.93e+000  -7.7 6.34e+003    -  3.51e-003 3.29e-004f  1
  39 2.7947434e+003 0.00e+000 2.92e+000  -7.7 3.79e+003    -  9.62e-003 1.39e-004f  1
iter    objective    inf_pr   inf_du lg(mu)  ||d||  lg(rg) alpha_du alpha_pr  ls
  40 2.2250411e+003 0.00e+000 3.27e+000  -2.5 2.07e+003    -  3.55e-002 8.16e-002f  1
  41 2.2092919e+003 0.00e+000 3.24e+000  -7.7 1.05e+004    -  2.93e-002 5.58e-004f  1
  42 2.1422342e+003 0.00e+000 3.16e+000  -2.1 1.08e+003    -  4.29e-002 1.35e-002f  1
  43 2.1269182e+003 0.00e+000 3.15e+000  -7.7 3.42e+003    -  5.25e-002 1.72e-003f  1
  44 2.1104536e+003 0.00e+000 3.14e+000  -7.7 2.09e+003    -  1.02e-001 2.88e-003f  1
  45 1.7083387e+003 0.00e+000 2.21e+000  -2.1 9.68e+003    -  1.55e-002 2.16e-002f  1
  46 1.3787371e+003 0.00e+000 2.10e+000  -1.0 1.01e+004    -  2.51e-002 2.53e-002f  1
  47 1.3504163e+003 0.00e+000 2.07e+000  -7.7 9.25e+002    -  8.60e-002 6.36e-003f  1
  48 1.1984611e+003 0.00e+000 1.99e+000  -7.8 6.85e+002    -  1.53e-001 7.22e-002f  1
  49 1.0842186e+003 0.00e+000 1.49e+000  -0.7 6.38e+003    -  2.35e-002 1.44e-002f  1
iter    objective    inf_pr   inf_du lg(mu)  ||d||  lg(rg) alpha_du alpha_pr  ls
  50 9.5450305e+002 0.00e+000 1.37e+000  -1.9 3.92e+002    -  6.26e-001 9.34e-002f  1
  51 7.7885973e+002 0.00e+000 1.22e+000  -2.0 1.65e+003    -  1.39e-002 8.67e-002f  1
  52 7.2170283e+002 0.00e+000 1.06e+000  -3.7 3.17e+003    -  8.81e-002 2.23e-002f  1
  53 6.1388866e+002 0.00e+000 9.97e-001  -7.8 7.50e+003    -  1.02e-002 1.63e-002f  1
  54 6.1175442e+002 0.00e+000 9.89e-001  -7.8 2.49e+003    -  4.63e-002 1.18e-003f  1
  55 6.0335035e+002 0.00e+000 9.29e-001  -2.3 5.18e+002    -  4.20e-001 1.08e-002f  1
  56 5.2052749e+002 0.00e+000 1.23e+000  -4.0 1.33e+003    -  3.97e-002 1.23e-001f  1
  57 4.9848895e+002 0.00e+000 1.17e+000  -2.6 2.60e+003    -  6.33e-003 5.43e-003f  1
  58 4.5466364e+002 0.00e+000 1.14e+000  -2.3 7.48e+002    -  8.58e-002 5.95e-002f  1
  59 4.4106646e+002 0.00e+000 1.06e+000  -8.0 3.53e+003    -  3.46e-002 2.84e-003f  1
iter    objective    inf_pr   inf_du lg(mu)  ||d||  lg(rg) alpha_du alpha_pr  ls
  60 4.2543169e+002 0.00e+000 1.22e+000  -2.7 2.51e+003    -  4.50e-002 8.82e-003f  1
  61 4.0083820e+002 0.00e+000 1.06e+000  -2.2 4.26e+002    -  4.06e-001 5.06e-002f  1
  62 3.0658396e+002 0.00e+000 8.44e-001  -2.3 7.58e+002    -  8.01e-002 2.21e-001f  1
  63 2.6442906e+002 0.00e+000 4.81e-001  -8.1 2.35e+003    -  4.02e-002 7.93e-002f  1
  64 2.5903549e+002 0.00e+000 4.80e-001  -8.1 1.00e+003    -  3.48e-002 1.23e-002f  1
  65 2.4824376e+002 0.00e+000 4.65e-001  -2.1 1.85e+003    -  6.54e-004 2.19e-002f  1
  66 2.3090339e+002 0.00e+000 2.92e-001  -8.1 4.17e+003    -  1.07e-002 1.14e-002f  1
  67 2.3083829e+002 0.00e+000 3.01e-001  -8.1 8.50e+003    -  1.55e-002 3.93e-005f  1
  68 2.1972283e+002 0.00e+000 2.95e-001  -4.0 6.91e+002    -  2.71e-001 5.17e-002f  1
  69 1.7420715e+002 0.00e+000 1.79e-001  -8.2 1.96e+003    -  1.81e-002 1.74e-001f  1
iter    objective    inf_pr   inf_du lg(mu)  ||d||  lg(rg) alpha_du alpha_pr  ls
  70 1.7307589e+002 0.00e+000 1.88e-001  -8.2 6.08e+003    -  7.92e-004 1.53e-003f  1
  71 1.7305883e+002 0.00e+000 1.86e-001  -4.3 5.18e+003    -  4.49e-002 2.59e-005f  1
  72 1.7122775e+002 0.00e+000 1.93e-001  -8.3 5.31e+003    -  4.19e-002 3.41e-003f  1
  73 1.5316076e+002 0.00e+000 2.86e-001  -1.9 9.05e+003    -  6.38e-004 1.70e-002f  1
  74 1.3984963e+002 0.00e+000 2.08e-001  -3.7 1.43e+004    -  7.26e-003 1.32e-002f  1
  75 1.2785132e+002 0.00e+000 2.13e-001  -3.3 3.22e+003    -  1.13e-002 4.08e-002f  1
  76 1.2436099e+002 0.00e+000 1.95e-001  -8.3 8.69e+003    -  4.70e-003 6.18e-003f  1
  77 1.2277391e+002 0.00e+000 2.13e-001  -3.8 1.05e+004    -  2.18e-002 3.69e-003f  1
  78 1.2270668e+002 0.00e+000 2.11e-001  -4.4 5.02e+003    -  7.52e-003 1.79e-004f  1
  79 1.1302720e+002 0.00e+000 1.37e-001  -3.4 1.47e+004    -  1.30e-002 1.50e-002f  1
iter    objective    inf_pr   inf_du lg(mu)  ||d||  lg(rg) alpha_du alpha_pr  ls
  80 1.1037148e+002 0.00e+000 1.51e-001  -2.3 1.07e+004    -  1.75e-004 3.02e-003f  1
  81 1.0773725e+002 0.00e+000 1.50e-001  -3.4 1.81e+003    -  8.13e-002 1.53e-002f  1
  82 1.1231463e+002 0.00e+000 6.15e-002  -0.8 5.23e+004    -  9.01e-003 5.50e-003f  1
  83 1.1026977e+002 0.00e+000 6.09e-002  -2.3 4.38e+003    -  4.58e-003 6.55e-003f  1
  84 1.0983806e+002 0.00e+000 6.00e-002  -2.3 5.88e+003    -  1.04e-002 6.54e-004f  1
  85 9.8186811e+001 0.00e+000 9.86e-002  -2.3 6.97e+003    -  3.92e-003 2.52e-002f  1
  86 9.6512807e+001 0.00e+000 9.30e-002  -8.2 9.31e+003    -  2.04e-002 2.26e-003f  1
  87 9.7903641e+001 0.00e+000 1.09e-001  -0.2 2.38e+005    -  1.48e-002 1.49e-003f  1
  88 9.2754321e+001 0.00e+000 1.06e-001  -1.9 4.75e+003    -  3.19e-002 1.62e-002f  1
  89 8.1965656e+001 0.00e+000 1.43e-001  -2.9 2.42e+003    -  8.22e-002 6.87e-002f  1
iter    objective    inf_pr   inf_du lg(mu)  ||d||  lg(rg) alpha_du alpha_pr  ls
  90 8.0346676e+001 0.00e+000 1.29e-001  -7.9 6.21e+003    -  4.00e-002 2.95e-003f  1
  91 7.9597266e+001 0.00e+000 1.17e-001  -2.4 2.04e+003    -  4.00e-002 4.60e-003f  1
  92 6.4342753e+001 0.00e+000 1.66e-001  -2.5 4.12e+003    -  2.85e-002 6.37e-002f  1
  93 5.9358631e+001 0.00e+000 1.27e-001  -2.2 5.37e+003    -  9.92e-002 2.35e-002f  1
  94 5.6316879e+001 0.00e+000 1.31e-001  -2.5 1.69e+003    -  4.49e-002 3.78e-002f  1
  95 5.3445062e+001 0.00e+000 8.49e-002  -8.0 2.54e+003    -  4.17e-002 2.71e-002f  1
  96 5.3147883e+001 0.00e+000 8.71e-002  -8.0 5.29e+003    -  5.45e-002 1.14e-003f  1
  97 7.1844353e+001 0.00e+000 4.09e-001   0.0 4.55e+004    -  1.91e-002 6.19e-003f  1
  98 5.0788268e+001 0.00e+000 1.55e-001  -1.6 1.84e+003    -  2.49e-001 4.17e-001f  1
  99 4.8793611e+001 0.00e+000 1.49e-001  -7.6 5.74e+003    -  2.02e-001 9.47e-003f  1
iter    objective    inf_pr   inf_du lg(mu)  ||d||  lg(rg) alpha_du alpha_pr  ls
 100 4.2157779e+001 0.00e+000 1.70e-001  -7.7 1.19e+003    -  4.95e-002 8.58e-002f  1
 101 3.9734147e+001 0.00e+000 2.69e-002  -2.1 1.48e+003    -  2.47e-001 1.04e-001f  2
 102 3.6322955e+001 0.00e+000 4.32e-002  -2.6 3.10e+003    -  1.18e-001 5.01e-002f  1
 103 3.4780839e+001 0.00e+000 3.97e-002  -2.1 2.57e+003    -  2.06e-001 4.19e-002f  2
 104 3.3359465e+001 0.00e+000 6.08e-002  -2.2 1.21e+003    -  2.79e-001 2.69e-002f  1
 105 2.8985229e+001 0.00e+000 1.76e-001  -2.9 1.67e+003    -  1.60e-001 2.25e-001f  1
 106 2.7337013e+001 0.00e+000 2.75e-001  -2.5 2.40e+003    -  1.19e-001 3.09e-001f  1
 107 2.5273227e+001 0.00e+000 2.32e-001  -8.0 3.12e+003    -  1.09e-001 2.69e-002f  1
 108 2.2829615e+001 0.00e+000 2.12e-001  -8.1 3.48e+003    -  4.45e-002 4.34e-002f  1
 109 2.2650291e+001 0.00e+000 2.10e-001  -8.1 1.91e+003    -  3.08e-002 2.60e-003f  1
iter    objective    inf_pr   inf_du lg(mu)  ||d||  lg(rg) alpha_du alpha_pr  ls
 110 1.8949022e+001 0.00e+000 1.37e-001  -2.5 7.61e+002    -  1.19e-001 1.31e-001f  1
 111 1.7541565e+001 0.00e+000 8.30e-002  -2.2 1.77e+003    -  8.39e-002 7.03e-002f  1
 112 1.7158805e+001 0.00e+000 9.28e-002  -2.7 7.50e+002    -  1.46e-002 7.36e-002f  1
 113 1.6971123e+001 0.00e+000 8.84e-002  -8.1 8.77e+002    -  4.40e-002 6.63e-003f  1
 114 1.5910050e+001 0.00e+000 1.19e-001  -3.7 2.67e+003    -  9.77e-002 5.00e-002f  1
 115 1.5660443e+001 0.00e+000 1.07e-001  -2.6 2.49e+003    -  1.54e-001 1.24e-002f  1
 116 1.5468176e+001 0.00e+000 1.25e-001  -2.6 9.95e+002    -  7.01e-002 1.02e-001f  1
 117 1.4723600e+001 0.00e+000 7.57e-002  -3.6 1.69e+003    -  4.39e-002 2.94e-002f  1
 118 1.4392887e+001 0.00e+000 9.81e-002  -3.0 1.78e+003    -  2.71e-002 5.22e-002f  1
 119 1.3898485e+001 0.00e+000 8.64e-002  -8.3 1.16e+003    -  2.52e-002 3.89e-002f  1
iter    objective    inf_pr   inf_du lg(mu)  ||d||  lg(rg) alpha_du alpha_pr  ls
 120 1.2942599e+001 0.00e+000 2.14e-002  -4.0 1.53e+003    -  8.34e-002 4.48e-002f  1
 121 1.2216568e+001 0.00e+000 5.69e-002  -2.9 1.16e+003    -  2.02e-001 1.33e-001f  1
 122 1.2015225e+001 0.00e+000 3.73e-002  -8.4 2.44e+003    -  8.25e-003 2.63e-002f  3
 123 1.1770955e+001 0.00e+000 6.48e-003  -8.4 7.11e+002    -  1.10e-001 5.93e-002f  1
 124 1.1718648e+001 0.00e+000 4.72e-002  -2.8 2.19e+003    -  6.26e-002 1.68e-002f  3
 125 1.1472263e+001 0.00e+000 4.05e-002  -8.5 4.84e+002    -  1.45e-001 1.34e-001f  1
 126 1.1401546e+001 0.00e+000 2.21e-002  -3.2 6.67e+003    -  1.90e-002 3.50e-003f  1
 127 1.1286217e+001 0.00e+000 9.79e-003  -3.1 2.31e+002    -  3.88e-001 1.37e-001f  2
 128 1.1188859e+001 0.00e+000 5.13e-003  -3.6 1.64e+003    -  4.13e-002 1.02e-002f  1
 129 1.1089114e+001 0.00e+000 1.29e-002  -3.1 2.61e+002    -  1.80e-001 5.80e-002f  1
iter    objective    inf_pr   inf_du lg(mu)  ||d||  lg(rg) alpha_du alpha_pr  ls
 130 1.0919547e+001 0.00e+000 3.33e-002  -8.7 7.74e+002    -  1.21e-002 4.83e-002f  2
 131 1.0905049e+001 0.00e+000 2.00e-002  -3.8 1.52e+003    -  4.88e-002 3.51e-003f  2
 132 1.0830234e+001 0.00e+000 1.75e-002  -2.9 3.20e+002    -  2.16e-001 7.66e-002f  3
 133 1.0828326e+001 0.00e+000 3.63e-002  -8.8 2.65e+003    -  3.67e-002 2.23e-002f  2
 134 1.0782605e+001 0.00e+000 1.72e-002  -8.8 2.95e+003    -  1.32e-002 4.70e-003f  1
 135 1.0745919e+001 0.00e+000 1.64e-002  -4.3 3.54e+002    -  9.30e-002 2.41e-002f  1
 136 1.0692472e+001 0.00e+000 4.65e-002  -4.2 1.64e+003    -  1.94e-003 2.61e-002f  3
 137 1.0661940e+001 0.00e+000 4.79e-002  -4.4 1.19e+003    -  8.12e-002 1.31e-002f  2
 138 1.0608099e+001 0.00e+000 2.50e-002  -3.0 1.42e+002    -  2.76e-001 5.76e-002f  1
 139 1.0553122e+001 0.00e+000 2.41e-002  -8.9 3.22e+003    -  1.76e-002 2.31e-003f  1
iter    objective    inf_pr   inf_du lg(mu)  ||d||  lg(rg) alpha_du alpha_pr  ls
 140 1.0492591e+001 0.00e+000 2.04e-002  -4.5 2.46e+003    -  1.17e-002 4.39e-003f  5
 141 1.0398337e+001 0.00e+000 9.11e-003  -3.8 2.73e+002    -  3.06e-001 8.20e-002f  1
 142 1.0318989e+001 0.00e+000 1.50e-002  -3.5 4.35e+003    -  2.39e-002 1.36e-002f  2
 143 1.0276980e+001 0.00e+000 9.83e-003  -3.3 1.23e+003    -  2.83e-001 2.15e-002f  3
 144 1.0216670e+001 0.00e+000 8.74e-003  -9.1 1.93e+003    -  2.39e-002 1.83e-002f  1
 145 1.0203912e+001 0.00e+000 5.10e-002  -5.0 1.41e+003    -  2.55e-002 8.56e-003f  4
 146 1.0114890e+001 0.00e+000 2.85e-002  -3.7 2.81e+003    -  1.65e-002 8.57e-003f  3
 147 1.0053469e+001 0.00e+000 1.80e-002  -3.6 9.52e+002    -  1.79e-001 3.28e-002f  1
 148 1.0045074e+001 0.00e+000 2.85e-002  -9.2 1.66e+003    -  1.21e-002 7.11e-003f  3
 149 1.0023085e+001 0.00e+000 2.54e-002  -9.2 1.47e+003    -  8.94e-003 1.39e-002f  3
iter    objective    inf_pr   inf_du lg(mu)  ||d||  lg(rg) alpha_du alpha_pr  ls
 150 9.9943536e+000 0.00e+000 2.70e-002  -4.6 8.83e+002    -  6.45e-002 1.38e-002f  2
 151 9.9835772e+000 0.00e+000 1.13e-002  -9.2 1.25e+003    -  4.14e-003 1.33e-002f  1
 152 9.9798776e+000 0.00e+000 9.04e-003  -9.2 1.82e+002    -  1.56e-001 3.17e-003f  1
 153 9.9464167e+000 0.00e+000 3.45e-002  -5.0 1.20e+003    -  2.47e-002 2.32e-002f  2
 154 9.9266575e+000 0.00e+000 4.23e-002  -4.2 7.43e+002    -  3.20e-002 2.74e-002f  3
 155 9.8949872e+000 0.00e+000 1.58e-002  -9.3 2.83e+002    -  6.39e-002 1.36e-001f  1
 156 9.8845779e+000 0.00e+000 1.16e-002  -9.3 2.70e+003    -  1.57e-002 7.93e-004f  4
 157 9.8695750e+000 0.00e+000 1.62e-002  -3.9 4.25e+001    -  1.09e-001 1.00e+000f  1
 158 9.8526671e+000 0.00e+000 6.30e-003  -9.4 1.62e+003    -  2.93e-002 6.60e-003f  3
 159 9.8510599e+000 0.00e+000 1.60e-002  -9.4 1.13e+003    -  2.48e-002 4.60e-003f  4
iter    objective    inf_pr   inf_du lg(mu)  ||d||  lg(rg) alpha_du alpha_pr  ls
 160 9.8419131e+000 0.00e+000 2.81e-002  -3.6 1.09e+002    -  7.09e-001 1.37e-001f  3
 161 9.7668930e+000 0.00e+000 1.08e-002  -3.7 2.49e+002    -  2.02e-001 1.00e-001f  1
 162 9.6953469e+000 0.00e+000 2.06e-002  -4.9 1.71e+003    -  1.46e-002 1.32e-002f  2
 163 9.6689839e+000 0.00e+000 1.82e-002  -5.6 1.97e+003    -  2.72e-002 1.85e-002f  1
 164 1.1043361e+001 0.00e+000 8.97e-002  -1.6 1.78e+004    -  1.66e-003 4.82e-003f  1
 165 1.1000357e+001 0.00e+000 9.28e-002  -3.6 1.52e+003    -  1.70e-002 5.72e-003f  1
 166 1.0967589e+001 0.00e+000 8.26e-002  -3.6 2.63e+003    -  2.72e-002 4.03e-003f  3
 167 1.0890195e+001 0.00e+000 7.96e-002  -3.6 1.32e+003    -  1.42e-002 1.40e-002f  3
 168 1.0858525e+001 0.00e+000 7.89e-002  -3.6 2.47e+003    -  5.17e-003 1.23e-002f  2
 169 1.0250553e+001 0.00e+000 6.09e-002  -3.6 6.30e+002    -  2.93e-002 9.45e-002f  1
iter    objective    inf_pr   inf_du lg(mu)  ||d||  lg(rg) alpha_du alpha_pr  ls
 170 1.0208654e+001 0.00e+000 1.40e-002  -3.6 2.34e+004    -  1.60e-003 7.55e-004f  2
 171 9.7965579e+000 0.00e+000 3.32e-002  -3.6 6.40e+002    -  9.47e-002 2.84e-002f  1
 172 9.6926677e+000 0.00e+000 2.26e-002  -3.6 4.29e+002    -  1.17e-001 5.58e-002f  1
 173 9.5756249e+000 0.00e+000 2.31e-002  -3.6 3.53e+003    -  7.64e-003 1.35e-002f  3
 174 1.0365586e+001 0.00e+000 1.19e-001  -1.5 2.75e+004    -  2.66e-003 2.44e-003f  1
 175 1.0332757e+001 0.00e+000 1.04e-001  -3.5 4.11e+003    -  1.41e-002 5.98e-003f  2
 176 1.0050259e+001 0.00e+000 1.34e-001  -3.5 6.03e+002    -  3.40e-002 1.77e-001f  1
 177 9.6501363e+000 0.00e+000 1.03e-001  -3.5 2.59e+004    -  4.33e-004 5.15e-004f  1
 178 9.5922041e+000 0.00e+000 5.30e-002  -3.5 2.93e+002    -  3.35e-002 2.78e-002f  1
 179 9.5599028e+000 0.00e+000 6.25e-002  -3.5 2.75e+002    -  2.85e-002 3.14e-002f  1
iter    objective    inf_pr   inf_du lg(mu)  ||d||  lg(rg) alpha_du alpha_pr  ls
 180 9.3600762e+000 0.00e+000 5.29e-003  -3.2 6.91e+001    -  6.25e-001 7.82e-001f  1
 181 9.3296675e+000 0.00e+000 3.60e-003  -9.2 1.67e+003    -  4.01e-002 5.57e-003f  3
 182 9.2913617e+000 0.00e+000 1.67e-002  -4.3 2.18e+002    -  1.22e-001 1.04e-001f  1
 183 9.2901755e+000 0.00e+000 6.99e-003  -5.0 1.16e+003    -  4.81e-002 1.76e-002f  2
 184 9.1945691e+000 0.00e+000 2.11e-002  -9.3 7.71e+002    -  9.29e-002 3.55e-002f  1
 185 9.1861275e+000 0.00e+000 6.80e-003  -9.4 3.91e+003    -  8.16e-003 1.39e-003f  5
 186 9.1264063e+000 0.00e+000 2.11e-002  -3.5 6.32e+002    -  3.35e-002 6.13e-002f  2
 187 9.0899733e+000 0.00e+000 1.94e-002  -3.5 2.37e+003    -  5.09e-002 8.39e-003f  3
 188 9.0843786e+000 0.00e+000 2.65e-002  -4.5 1.08e+003    -  6.32e-002 3.59e-002f  2
 189 9.0643784e+000 0.00e+000 1.09e-002  -9.4 1.27e+003    -  1.84e-002 2.67e-002f  1
iter    objective    inf_pr   inf_du lg(mu)  ||d||  lg(rg) alpha_du alpha_pr  ls
 190 9.0326931e+000 0.00e+000 2.28e-002  -9.4 9.00e+002    -  3.73e-002 3.05e-002f  1
 191 9.0006112e+000 0.00e+000 1.22e-002  -3.8 5.08e+002    -  1.26e-001 2.79e-002f  2
 192 8.9126561e+000 0.00e+000 1.01e-002  -9.4 3.83e+002    -  2.69e-001 5.96e-002f  1
 193 8.8997812e+000 0.00e+000 5.60e-003  -4.0 2.07e+003    -  4.53e-002 1.86e-003f  1
 194 8.8649993e+000 0.00e+000 2.97e-002  -5.7 7.39e+001    -  5.15e-002 1.53e-001f  2
 195 8.8552697e+000 0.00e+000 4.03e-002  -4.2 9.02e+002    -  3.30e-002 1.23e-002f  3
 196 8.7753273e+000 0.00e+000 1.21e-002  -4.3 8.48e+001    -  2.11e-001 3.96e-001f  1
 197 8.7610817e+000 0.00e+000 1.39e-002  -9.7 2.67e+002    -  1.45e-002 2.93e-002f  2
 198 8.7029802e+000 0.00e+000 1.37e-002  -4.2 2.61e+002    -  6.98e-002 1.22e-001f  1
 199 8.6839709e+000 0.00e+000 2.23e-002  -9.7 1.44e+003    -  1.08e-002 1.12e-002f  2
iter    objective    inf_pr   inf_du lg(mu)  ||d||  lg(rg) alpha_du alpha_pr  ls
 200 8.6601630e+000 0.00e+000 1.82e-002  -4.5 1.34e+003    -  9.35e-002 1.21e-002f  3
 201 8.6531261e+000 0.00e+000 3.79e-002  -9.8 1.45e+003    -  2.95e-003 1.20e-002f  3
 202 8.6175261e+000 0.00e+000 4.31e-002  -3.2 2.07e+003    -  3.03e-002 1.01e-002f  3
 203 8.5739985e+000 0.00e+000 6.03e-003  -9.7 3.88e+003    -  1.37e-002 4.51e-003f  2
 204 8.5676277e+000 0.00e+000 1.16e-002  -9.7 6.01e+002    -  3.76e-002 9.07e-003f  4
 205 8.5172247e+000 0.00e+000 8.91e-003  -3.8 5.13e+002    -  1.23e-001 4.44e-002f  1
 206 8.4998349e+000 0.00e+000 1.33e-002  -4.5 4.44e+002    -  1.85e-001 1.90e-002f  1
 207 8.9409005e+000 0.00e+000 1.93e-002  -1.8 1.59e+003    -  4.55e-002 2.32e-002f  1
 208 8.9329828e+000 0.00e+000 6.33e-002  -3.2 1.07e+003    -  6.97e-002 1.57e-002f  1
 209 8.8671082e+000 0.00e+000 3.61e-002  -3.2 9.68e+002    -  2.81e-002 1.79e-002f  2
iter    objective    inf_pr   inf_du lg(mu)  ||d||  lg(rg) alpha_du alpha_pr  ls
 210 8.8349030e+000 0.00e+000 3.19e-002  -3.2 7.41e+002    -  4.51e-002 1.12e-002f  2
 211 8.7820834e+000 0.00e+000 2.34e-002  -3.2 3.06e+001    -  1.95e-001 5.46e-002f  1
 212 8.4727680e+000 0.00e+000 4.00e-002  -3.2 7.70e+002    -  3.33e-002 6.50e-002f  2
 213 8.4579676e+000 0.00e+000 1.80e-002  -9.1 1.05e+003    -  5.40e-002 1.67e-002f  2
 214 8.4043619e+000 0.00e+000 1.55e-002  -9.1 7.49e+001    -  1.62e-001 1.38e-001f  2
 215 8.3964461e+000 0.00e+000 3.72e-002  -9.2 4.00e+002    -  8.34e-002 1.26e-002f  2
 216 8.3757088e+000 0.00e+000 3.24e-002  -9.3 8.91e+001    -  1.47e-001 2.57e-002f  1
 217 8.3517544e+000 0.00e+000 2.72e-002  -9.3 1.39e+003    -  1.78e-002 2.83e-003f  5
 218 8.3186132e+000 0.00e+000 1.12e-002  -9.3 2.15e+002    -  1.29e-001 5.11e-002f  1
 219 8.7037449e+000 0.00e+000 2.90e-002  -1.4 3.09e+004    -  2.42e-003 1.64e-003f  1
iter    objective    inf_pr   inf_du lg(mu)  ||d||  lg(rg) alpha_du alpha_pr  ls
 220 8.6831795e+000 0.00e+000 1.16e-002  -3.4 9.26e+002    -  8.15e-003 3.36e-002f  2
 221 8.6123461e+000 0.00e+000 1.63e-002  -3.4 2.30e+002    -  2.12e-001 6.78e-002f  2
 222 8.5730300e+000 0.00e+000 4.21e-002  -3.4 6.92e+002    -  5.25e-002 8.95e-003f  2
 223 8.2933961e+000 0.00e+000 3.88e-003  -3.4 7.68e+002    -  5.50e-002 1.03e-001f  1
 224 8.2811251e+000 0.00e+000 3.05e-002  -9.3 5.57e+003    -  2.96e-002 1.93e-003f  2
 225 9.4846711e+000 0.00e+000 7.87e-002  -1.3 8.27e+003    -  1.48e-003 1.00e-002f  1
 226 9.4575913e+000 0.00e+000 1.16e-001  -3.4 5.34e+003    -  1.51e-002 4.26e-003f  1
 227 9.3213942e+000 0.00e+000 5.93e-002  -3.4 2.07e+002    -  1.35e-001 2.50e-001f  1
 228 9.0611295e+000 0.00e+000 1.70e-002  -3.4 3.00e+003    -  8.95e-003 1.29e-002f  2
 229 8.6546617e+000 0.00e+000 1.33e-002  -3.4 1.18e+002    -  4.34e-002 1.74e-001f  1
iter    objective    inf_pr   inf_du lg(mu)  ||d||  lg(rg) alpha_du alpha_pr  ls
 230 8.5493494e+000 0.00e+000 5.71e-002  -3.4 8.30e+002    -  3.66e-002 1.47e-002f  2
 231 8.4732072e+000 0.00e+000 5.00e-002  -3.4 9.93e+002    -  5.33e-002 1.52e-002f  1
 232 8.3646307e+000 0.00e+000 1.07e-002  -3.4 5.29e+002    -  1.52e-001 1.08e-001f  1
 233 8.2888296e+000 0.00e+000 6.60e-003  -3.4 2.31e+002    -  2.54e-001 1.19e-001f  1
 234 8.2339788e+000 0.00e+000 2.75e-003  -3.4 1.06e+002    -  2.42e-001 1.54e-001f  1
 235 8.2215535e+000 0.00e+000 1.35e-002  -5.4 9.44e+001    -  1.00e-001 6.84e-002f  2
 236 8.2039674e+000 0.00e+000 1.13e-002  -3.9 6.54e+002    -  4.19e-003 1.28e-002f  3
 237 8.1984416e+000 0.00e+000 2.17e-002  -5.0 2.00e+002    -  1.27e-001 1.06e-002f  5
 238 8.1877217e+000 0.00e+000 3.18e-002  -4.1 1.09e+002    -  1.62e-001 1.28e-001f  3
 239 8.1467567e+000 0.00e+000 7.67e-003  -3.5 6.97e+002    -  6.36e-002 2.75e-002f  3
iter    objective    inf_pr   inf_du lg(mu)  ||d||  lg(rg) alpha_du alpha_pr  ls
 240 8.0909453e+000 0.00e+000 3.08e-003  -5.4 1.40e+001    -  6.28e-001 8.46e-001f  1
 241 8.0868544e+000 0.00e+000 2.56e-003  -5.8 4.47e+002    -  2.25e-001 5.11e-003f  1
 242 8.0822836e+000 0.00e+000 8.43e-003 -10.0 6.57e+002    -  9.17e-002 5.88e-003f  3
 243 8.0791081e+000 0.00e+000 6.11e-003  -4.3 1.52e+003    -  4.80e-002 3.72e-003f  4
 244 8.0700613e+000 0.00e+000 2.92e-002 -10.0 1.10e+002    -  1.44e-001 1.12e-001f  2
 245 9.3176942e+000 0.00e+000 8.54e-002  -2.1 7.02e+003    -  1.75e-002 9.69e-003f  1
 246 9.2881976e+000 0.00e+000 7.40e-002  -3.8 1.50e+003    -  5.25e-003 7.87e-003f  4
 247 9.2694915e+000 0.00e+000 7.34e-002  -3.8 2.81e+003    -  1.94e-002 8.13e-004f  1
 248 9.1336734e+000 0.00e+000 7.25e-002  -3.8 5.47e+003    -  4.76e-003 4.63e-003f  2
 249 9.0572062e+000 0.00e+000 2.47e-002  -3.8 9.64e+002    -  7.07e-002 6.13e-002f  1
iter    objective    inf_pr   inf_du lg(mu)  ||d||  lg(rg) alpha_du alpha_pr  ls
 250 8.9056455e+000 0.00e+000 2.26e-002  -3.8 4.96e+003    -  6.52e-003 2.72e-003f  1
 251 8.6872701e+000 0.00e+000 1.69e-002  -3.8 5.62e+002    -  4.46e-002 3.61e-002f  1
 252 8.4457831e+000 0.00e+000 2.84e-002  -3.8 1.85e+003    -  1.90e-002 1.38e-002f  1
 253 8.4278389e+000 0.00e+000 1.77e-002  -3.8 4.36e+002    -  2.49e-002 4.21e-003f  1
 254 8.2264071e+000 0.00e+000 2.42e-002  -3.8 2.60e+001    -  3.30e-002 1.00e+000f  1
 255 8.0961727e+000 0.00e+000 9.44e-003  -3.8 1.30e+003    -  5.20e-002 3.50e-002f  1
 256 8.0065512e+000 0.00e+000 1.63e-002  -3.8 1.43e+003    -  1.40e-002 1.91e-002f  1
 257 7.9982966e+000 0.00e+000 1.54e-002  -9.7 1.73e+003    -  2.61e-002 1.23e-003f  1
 258 7.9889299e+000 0.00e+000 1.89e-002  -3.9 2.07e+003    -  2.54e-002 3.16e-003f  3
 259 7.9592692e+000 0.00e+000 1.09e-002  -3.8 7.75e+001    -  8.74e-001 2.33e-001f  2
iter    objective    inf_pr   inf_du lg(mu)  ||d||  lg(rg) alpha_du alpha_pr  ls
 260 7.9561619e+000 0.00e+000 3.04e-002  -3.8 1.22e+003    -  3.31e-002 2.66e-003f  3
 261 7.9225944e+000 0.00e+000 2.08e-002  -3.3 6.03e+001    -  3.30e-001 1.40e-001f  3
 262 7.8945883e+000 0.00e+000 1.03e-002  -9.6 5.46e+001    -  2.48e-001 2.62e-001f  2
 263 7.8619530e+000 0.00e+000 1.64e-002  -3.8 4.25e+002    -  2.88e-001 1.01e-001f  1
 264 7.8597901e+000 0.00e+000 8.90e-003  -4.6 1.60e+003    -  1.62e-002 3.72e-003f  4
 265 7.8482646e+000 0.00e+000 3.28e-003  -9.7 7.03e+001    -  1.65e-001 3.86e-002f  1
 266 7.8218317e+000 0.00e+000 2.72e-002  -5.5 1.70e+002    -  1.46e-001 8.83e-002f  1
 267 7.7908591e+000 0.00e+000 2.36e-002  -6.0 8.88e+002    -  5.46e-002 1.39e-002f  2
 268 7.7739790e+000 0.00e+000 1.84e-002  -3.2 2.27e+003    -  5.19e-002 7.86e-003f  1
 269 8.7898920e+000 0.00e+000 1.07e-001  -1.8 3.93e+003    -  7.74e-003 1.38e-002f  1
iter    objective    inf_pr   inf_du lg(mu)  ||d||  lg(rg) alpha_du alpha_pr  ls
 270 8.7623959e+000 0.00e+000 1.12e-001  -3.7 8.57e+002    -  3.70e-002 6.53e-003f  1
 271 8.1858595e+000 0.00e+000 2.16e-002  -3.7 5.06e+001    -  1.14e-001 5.42e-001f  1
 272 7.7637257e+000 0.00e+000 1.17e-002  -3.7 1.10e+003    -  1.19e-002 1.68e-002f  2
 273 7.7229184e+000 0.00e+000 2.83e-002  -9.6 5.23e+002    -  3.02e-002 1.45e-002f  2
 274 7.6935465e+000 0.00e+000 3.04e-002  -9.6 3.38e+002    -  5.85e-002 1.98e-002f  1
 275 7.6808558e+000 0.00e+000 2.02e-002  -3.8 6.41e+002    -  1.14e-001 1.40e-002f  2
 276 7.6728852e+000 0.00e+000 2.11e-002  -4.4 1.11e+002    -  2.46e-001 2.37e-002f  4
 277 7.6643459e+000 0.00e+000 1.26e-002  -3.9 2.34e+002    -  8.17e-002 2.28e-002f  3
 278 7.6545359e+000 0.00e+000 9.55e-003  -4.9 7.58e+002    -  7.02e-002 7.01e-003f  4
 279 7.6119652e+000 0.00e+000 1.03e-002  -4.3 5.89e+001    -  8.50e-001 1.27e-001f  1
iter    objective    inf_pr   inf_du lg(mu)  ||d||  lg(rg) alpha_du alpha_pr  ls
 280 7.6064939e+000 0.00e+000 1.36e-002 -10.1 1.69e+003    -  1.69e-002 2.47e-003f  4
 281 8.3225961e+000 0.00e+000 4.98e-002  -2.1 1.35e+003    -  1.77e-002 4.34e-002f  1
 282 8.3132595e+000 0.00e+000 4.75e-002  -3.8 2.11e+003    -  2.59e-002 2.08e-003f  3
 283 8.1874040e+000 0.00e+000 4.90e-002  -3.8 2.28e+002    -  3.54e-001 6.86e-002f  1
 284 7.8275604e+000 0.00e+000 3.02e-002  -3.8 9.59e+003    -  5.62e-003 5.31e-003f  2
 285 7.7078826e+000 0.00e+000 3.63e-002  -3.8 1.52e+003    -  5.26e-002 1.08e-002f  3
 286 7.6635328e+000 0.00e+000 2.61e-002  -3.8 1.56e+003    -  4.38e-002 8.91e-003f  3
 287 7.5615317e+000 0.00e+000 3.31e-002  -3.8 2.12e+002    -  1.35e-001 1.44e-001f  1
 288 7.5119674e+000 0.00e+000 2.00e-002  -5.0 2.85e+003    -  8.52e-003 5.88e-003f  1
 289 7.4966830e+000 0.00e+000 5.03e-002  -4.1 1.42e+002    -  8.12e-001 1.15e-001f  2
iter    objective    inf_pr   inf_du lg(mu)  ||d||  lg(rg) alpha_du alpha_pr  ls
 290 9.5349904e+000 0.00e+000 1.22e-001  -1.9 1.60e+003    -  3.33e-002 3.38e-002f  1
 291 9.3715322e+000 0.00e+000 1.07e-001  -3.4 5.36e+002    -  3.05e-002 4.52e-002f  2
 292 9.2425394e+000 0.00e+000 1.55e-001  -3.4 8.98e+002    -  8.15e-003 2.06e-002f  2
 293 8.9838491e+000 0.00e+000 1.24e-001  -3.4 1.18e+003    -  1.69e-002 1.37e-002f  1
 294 8.4904739e+000 0.00e+000 1.13e-001  -3.4 5.40e+002    -  1.70e-002 3.54e-002f  1
 295 8.4436719e+000 0.00e+000 1.08e-001  -3.4 2.22e+003    -  1.55e-003 6.78e-004f  1
 296 8.1938034e+000 0.00e+000 1.43e-001  -3.4 3.90e+002    -  7.08e-004 4.26e-002f  2
 297 7.7999637e+000 0.00e+000 5.23e-002  -3.4 3.33e+003    -  3.25e-003 1.43e-002f  2
 298 7.6188943e+000 0.00e+000 4.80e-002  -3.4 1.41e+002    -  3.86e-001 1.39e-001f  1
 299 7.5776452e+000 0.00e+000 3.82e-002  -3.4 1.04e+004    -  4.67e-003 1.84e-004f  1
iter    objective    inf_pr   inf_du lg(mu)  ||d||  lg(rg) alpha_du alpha_pr  ls
 300 7.5269412e+000 0.00e+000 2.83e-002  -3.4 4.33e+001    -  4.30e-001 3.94e-001f  2
 301 7.3892534e+000 0.00e+000 1.99e-002  -3.4 4.20e+002    -  1.73e-001 2.16e-002f  1
 302 7.3853864e+000 0.00e+000 1.80e-002  -9.4 5.86e+002    -  5.25e-002 2.10e-002f  2
 303 7.3317457e+000 0.00e+000 1.66e-002  -3.7 4.16e+002    -  3.49e-001 3.71e-002f  2
 304 7.3306827e+000 0.00e+000 2.79e-002  -9.4 9.50e+002    -  5.80e-002 3.42e-003f  4
 305 7.2874130e+000 0.00e+000 2.45e-002  -5.3 1.40e+002    -  4.53e-001 6.32e-002f  1
 306 7.2183271e+000 0.00e+000 2.48e-002  -3.5 4.06e+002    -  7.93e-002 3.04e-002f  2
 307 7.2004847e+000 0.00e+000 2.38e-002  -9.7 1.10e+003    -  5.73e-002 3.23e-003f  5
 308 7.1272470e+000 0.00e+000 1.65e-002  -4.6 6.21e+002    -  1.77e-002 2.58e-002f  3
 309 7.1106052e+000 0.00e+000 1.09e-002  -3.9 3.50e+002    -  5.45e-002 3.46e-002f  2
iter    objective    inf_pr   inf_du lg(mu)  ||d||  lg(rg) alpha_du alpha_pr  ls
 310 7.0853465e+000 0.00e+000 7.91e-003  -3.9 6.34e+002    -  9.70e-002 1.40e-002f  3
 311 7.0814502e+000 0.00e+000 1.81e-002  -9.7 4.42e+002    -  7.12e-002 8.43e-003f  3
 312 7.0540589e+000 0.00e+000 1.34e-002  -3.8 2.73e+002    -  4.36e-001 6.01e-002f  1
 313 7.0326850e+000 0.00e+000 1.23e-002  -9.7 1.11e+003    -  1.35e-002 4.28e-003f  3
 314 7.0247194e+000 0.00e+000 8.48e-003  -4.3 5.00e+001    -  6.84e-001 1.61e-001f  1
 315 7.0229121e+000 0.00e+000 2.40e-003 -10.0 3.80e+002    -  7.88e-002 2.58e-003f  6
 316 6.9945458e+000 0.00e+000 2.23e-003 -10.1 4.28e+001    -  2.80e-001 4.76e-001f  2
 317 6.9678737e+000 0.00e+000 1.41e-002 -10.2 2.00e+003    -  1.57e-002 6.05e-003f  2
 318 6.9616954e+000 0.00e+000 1.36e-002  -4.3 7.25e+002    -  9.27e-002 1.40e-003f  1
 319 6.9605553e+000 0.00e+000 6.38e-003  -3.8 1.26e+003    -  4.97e-002 1.72e-003f  5
iter    objective    inf_pr   inf_du lg(mu)  ||d||  lg(rg) alpha_du alpha_pr  ls
 320 6.9467459e+000 0.00e+000 9.04e-003  -5.7 1.70e+002    -  1.53e-001 4.68e-002f  2
 321 6.9343753e+000 0.00e+000 6.97e-003  -5.0 6.12e+002    -  3.87e-002 3.65e-002f  1
 322 6.9286711e+000 0.00e+000 1.12e-002 -10.3 9.64e+002    -  1.04e-002 2.32e-003f  5
 323 6.9074972e+000 0.00e+000 4.47e-003 -10.3 6.65e+002    -  3.17e-002 1.94e-002f  1
 324 6.9004538e+000 0.00e+000 5.25e-003  -4.5 2.36e+002    -  1.18e-001 1.84e-002f  1
 325 7.0711062e+000 0.00e+000 3.74e-002  -2.3 1.64e+003    -  1.75e-002 2.32e-002f  2
 326 7.0630559e+000 0.00e+000 2.56e-002  -3.9 1.31e+002    -  2.24e-001 9.39e-003f  2
 327 7.0479029e+000 0.00e+000 2.54e-002  -3.9 5.78e+001    -  2.15e-001 1.77e-002f  1
 328 6.9144129e+000 0.00e+000 3.58e-002  -3.9 4.16e+002    -  3.79e-002 6.50e-002f  1
 329 6.9016335e+000 0.00e+000 2.99e-002  -3.9 4.33e+002    -  1.50e-001 1.20e-002f  2
iter    objective    inf_pr   inf_du lg(mu)  ||d||  lg(rg) alpha_du alpha_pr  ls
 330 6.8615085e+000 0.00e+000 2.41e-002  -3.9 2.56e+002    -  1.85e-002 4.76e-002f  1
 331 6.7715701e+000 0.00e+000 2.21e-003  -5.9 1.37e+001    -  2.38e-001 1.00e+000f  1
 332 6.7667231e+000 0.00e+000 3.00e-003 -10.0 1.57e+001    -  1.33e-001 1.23e-001f  3
 333 6.7657867e+000 0.00e+000 8.81e-003  -4.6 2.59e+000    -  9.93e-001 1.00e+000f  1
 334 6.7632234e+000 0.00e+000 3.27e-003  -4.6 3.44e+001    -  7.06e-001 2.03e-001f  1
 335 6.7580826e+000 0.00e+000 1.36e-003  -4.7 8.87e+000    -  7.74e-001 1.80e-001f  1
 336 6.7567640e+000 0.00e+000 7.05e-003  -4.7 7.81e+001    -  1.42e-001 2.19e-002f  3
 337 6.7564669e+000 0.00e+000 6.73e-003  -3.9 3.98e+001    -  3.49e-001 3.48e-002f  4
 338 6.7448343e+000 0.00e+000 1.61e-003  -4.8 5.67e+001    -  2.74e-001 1.81e-001f  1
 339 6.7442723e+000 0.00e+000 2.79e-003 -10.3 2.13e+002    -  5.92e-002 6.22e-003f  3
iter    objective    inf_pr   inf_du lg(mu)  ||d||  lg(rg) alpha_du alpha_pr  ls
 340 6.7438731e+000 0.00e+000 1.05e-002  -5.0 8.35e+001    -  2.58e-001 3.44e-002f  2
 341 6.7247461e+000 0.00e+000 6.36e-003  -3.6 3.18e+002    -  7.45e-002 4.55e-002f  1
 342 6.7218964e+000 0.00e+000 9.37e-003 -10.3 1.24e+003    -  5.59e-002 4.50e-003f  3
 343 6.7089661e+000 0.00e+000 5.88e-003  -4.3 4.12e+002    -  1.47e-001 2.81e-002f  2
 344 6.7054018e+000 0.00e+000 6.19e-003  -4.7 4.24e+002    -  1.20e-001 7.20e-003f  4
 345 6.6749318e+000 0.00e+000 1.75e-003  -4.1 6.19e+002    -  5.52e-002 4.61e-002f  1
 346 6.6649795e+000 0.00e+000 6.42e-003 -10.3 6.30e+002    -  3.72e-003 1.60e-002f  3
 347 6.6606057e+000 0.00e+000 6.02e-003  -6.2 2.90e+003    -  8.76e-003 1.08e-003f  3
 348 6.6532849e+000 0.00e+000 2.50e-003  -6.4 5.88e+002    -  3.47e-002 8.84e-003f  1
 349 6.6500407e+000 0.00e+000 8.21e-003  -4.5 1.93e+003    -  9.57e-003 2.04e-003f  5
iter    objective    inf_pr   inf_du lg(mu)  ||d||  lg(rg) alpha_du alpha_pr  ls
 350 6.6472051e+000 0.00e+000 7.31e-003 -10.3 8.32e+001    -  1.89e-001 2.37e-002f  1
 351 6.6459758e+000 0.00e+000 8.87e-003  -6.5 5.29e+001    -  1.71e-001 4.73e-002f  1
 352 6.6335668e+000 0.00e+000 2.35e-003  -4.6 1.22e+002    -  9.72e-002 7.04e-002f  1
 353 6.6262029e+000 0.00e+000 1.90e-003 -10.5 2.44e+001    -  1.09e-001 1.37e-001f  1
 354 6.6230246e+000 0.00e+000 1.81e-003  -4.9 4.10e+001    -  5.94e-001 4.55e-002f  1
 355 6.6197648e+000 0.00e+000 8.13e-003  -4.8 2.99e+003    -  7.72e-003 8.77e-004f  4
 356 6.6158458e+000 0.00e+000 7.90e-003  -4.1 2.18e+002    -  2.51e-002 2.26e-002f  4
 357 6.6150067e+000 0.00e+000 6.51e-003  -3.6 5.13e+002    -  2.74e-002 1.13e-002f  4
 358 6.6799257e+000 0.00e+000 1.41e-002  -2.6 2.51e+003    -  1.43e-002 1.13e-002f  1
 359 6.6746421e+000 0.00e+000 2.65e-002  -4.3 1.20e+003    -  1.74e-002 7.26e-003f  4
iter    objective    inf_pr   inf_du lg(mu)  ||d||  lg(rg) alpha_du alpha_pr  ls
 360 6.6454624e+000 0.00e+000 1.81e-002  -4.3 1.42e+003    -  4.82e-002 1.97e-002f  1
 361 6.6328239e+000 0.00e+000 1.88e-002  -4.3 1.90e+003    -  6.00e-002 6.85e-003f  3
 362 6.6284422e+000 0.00e+000 2.59e-002  -4.3 2.14e+003    -  1.70e-002 1.16e-003f  4
 363 6.6282334e+000 0.00e+000 2.86e-002  -4.3 3.12e+002    -  7.25e-003 1.36e-002f  4
 364 6.6173709e+000 0.00e+000 2.49e-002  -4.3 2.16e+002    -  2.36e-001 1.15e-001f  1
 365 6.6158121e+000 0.00e+000 8.08e-003  -4.3 5.07e+003    -  6.07e-003 1.25e-003f  4
 366 6.6070509e+000 0.00e+000 2.34e-002  -4.3 2.22e+002    -  3.66e-002 1.61e-002f  2
 367 6.5900683e+000 0.00e+000 1.61e-002  -3.7 3.59e+002    -  1.17e-001 3.23e-002f  1
 368 6.5751754e+000 0.00e+000 1.63e-002 -10.1 1.34e+002    -  6.63e-002 6.92e-002f  1
 369 7.3347692e+000 0.00e+000 5.25e-002  -2.1 1.59e+004    -  3.70e-003 4.95e-003f  1
iter    objective    inf_pr   inf_du lg(mu)  ||d||  lg(rg) alpha_du alpha_pr  ls
 370 7.3272471e+000 0.00e+000 5.21e-002  -4.1 3.69e+002    -  3.68e-002 2.76e-003f  1
 371 7.3131577e+000 0.00e+000 6.25e-002  -4.1 8.28e+002    -  8.62e-003 2.05e-002f  2
 372 7.2660188e+000 0.00e+000 9.35e-002  -4.1 3.52e+002    -  1.59e-001 1.29e-002f  1
 373 7.0019149e+000 0.00e+000 3.84e-002  -4.1 4.52e+001    -  1.76e-001 1.85e-001f  1
 374 6.7243670e+000 0.00e+000 4.78e-002  -4.1 2.31e+002    -  6.96e-002 6.51e-002f  1
 375 6.7064519e+000 0.00e+000 4.61e-002  -4.1 2.23e+002    -  5.06e-002 8.63e-003f  1
 376 6.7024819e+000 0.00e+000 3.49e-002  -4.1 6.09e+002    -  4.83e-002 3.10e-002f  2
 377 6.6537692e+000 0.00e+000 4.26e-002  -4.1 4.99e+001    -  7.07e-001 6.64e-001f  1
 378 6.5631761e+000 0.00e+000 2.25e-002  -4.1 2.28e+003    -  6.49e-003 4.69e-003f  2
 379 6.5627088e+000 0.00e+000 1.07e-002  -3.7 1.51e+002    -  3.91e-001 2.09e-002f  3
iter    objective    inf_pr   inf_du lg(mu)  ||d||  lg(rg) alpha_du alpha_pr  ls
 380 6.5247398e+000 0.00e+000 4.72e-003  -4.2 8.08e+000    -  4.16e-001 1.00e+000f  1
 381 6.5228508e+000 0.00e+000 7.74e-003  -4.5 1.59e+002    -  1.63e-001 1.26e-002f  4
 382 6.5223744e+000 0.00e+000 1.20e-003  -5.1 8.74e+001    -  2.22e-001 6.70e-002f  3
 383 6.5163093e+000 0.00e+000 1.14e-003 -10.1 3.63e+002    -  3.92e-002 1.56e-002f  2
 384 6.5122098e+000 0.00e+000 2.16e-003  -5.2 3.57e+001    -  1.92e-001 8.87e-002f  4
 385 6.5080967e+000 0.00e+000 1.28e-002  -4.6 3.48e+002    -  1.61e-001 5.87e-002f  1
 386 6.8976007e+000 0.00e+000 6.12e-002  -2.3 1.02e+004    -  4.36e-003 5.95e-003f  1
 387 6.8912578e+000 0.00e+000 5.99e-002  -4.2 1.23e+003    -  4.20e-002 6.72e-003f  3
 388 6.8799674e+000 0.00e+000 6.55e-002  -4.2 8.37e+002    -  1.33e-001 9.19e-003f  4
 389 6.7594268e+000 0.00e+000 3.35e-002  -4.2 1.34e+003    -  2.97e-002 4.10e-002f  1
iter    objective    inf_pr   inf_du lg(mu)  ||d||  lg(rg) alpha_du alpha_pr  ls
 390 6.6905835e+000 0.00e+000 3.37e-002  -4.2 2.44e+003    -  2.43e-002 7.48e-003f  1
 391 6.6267560e+000 0.00e+000 2.41e-002  -4.2 4.15e+003    -  1.37e-002 2.86e-003f  1
 392 6.6256197e+000 0.00e+000 5.55e-002  -4.2 3.65e+003    -  1.32e-003 8.28e-003f  2
 393 6.5557431e+000 0.00e+000 4.16e-002  -4.2 2.80e+003    -  4.76e-003 1.60e-002f  2
 394 6.5533804e+000 0.00e+000 4.39e-002  -4.2 7.46e+002    -  4.07e-002 1.93e-003f  4
 395 6.5352992e+000 0.00e+000 3.89e-002  -4.2 2.12e+001    -  4.98e-001 1.13e-001f  1
 396 6.5288528e+000 0.00e+000 3.87e-002  -4.2 1.89e+002    -  1.31e-001 2.71e-002f  4
 397 6.5237052e+000 0.00e+000 2.09e-002  -4.2 6.10e+001    -  1.51e-001 1.29e-001f  3
 398 6.5064475e+000 0.00e+000 1.69e-002  -4.2 1.41e+003    -  1.56e-002 1.19e-002f  2
 399 6.4887164e+000 0.00e+000 1.34e-002  -3.7 1.31e+002    -  2.89e-001 4.44e-002f  3
iter    objective    inf_pr   inf_du lg(mu)  ||d||  lg(rg) alpha_du alpha_pr  ls
 400 6.4814918e+000 0.00e+000 2.82e-002 -10.0 5.83e+002    -  2.23e-003 1.90e-002f  1
 401 6.4753886e+000 0.00e+000 2.62e-002  -4.0 1.12e+002    -  9.48e-001 4.76e-002f  1
 402 7.6720092e+000 0.00e+000 6.46e-002  -2.0 7.38e+003    -  1.50e-002 8.93e-003f  1
 403 7.5710306e+000 0.00e+000 5.40e-002  -3.7 5.19e+002    -  5.81e-002 5.24e-002f  2
 404 7.4759643e+000 0.00e+000 6.06e-002  -3.7 1.11e+003    -  2.82e-002 4.71e-003f  1
 405 7.3774210e+000 0.00e+000 5.42e-002  -3.7 2.33e+002    -  9.46e-002 2.41e-002f  1
 406 7.3621021e+000 0.00e+000 5.44e-002  -3.7 5.43e+003    -  1.42e-002 2.16e-004f  1
 407 6.9540230e+000 0.00e+000 5.03e-002  -3.7 1.96e+002    -  1.43e-001 2.98e-001f  1
 408 6.8657014e+000 0.00e+000 4.25e-002  -3.7 4.00e+003    -  4.57e-003 5.97e-004f  1
 409 6.7371175e+000 0.00e+000 4.56e-002  -3.7 2.88e+002    -  3.17e-001 5.25e-002f  1
iter    objective    inf_pr   inf_du lg(mu)  ||d||  lg(rg) alpha_du alpha_pr  ls
 410 6.6607470e+000 0.00e+000 3.01e-002  -3.7 1.67e+003    -  8.93e-002 9.82e-003f  1
 411 6.5761661e+000 0.00e+000 2.00e-002  -3.7 6.53e+001    -  1.49e-001 1.23e-001f  1
 412 6.5699892e+000 0.00e+000 2.09e-002  -3.7 3.63e+002    -  1.39e-001 2.88e-003f  1
 413 6.5357270e+000 0.00e+000 4.28e-002  -3.7 2.18e+002    -  3.95e-002 4.17e-002f  3
 414 6.5264738e+000 0.00e+000 1.81e-002  -3.7 9.06e+001    -  1.22e-001 8.98e-002f  2
 415 6.4966471e+000 0.00e+000 1.83e-002  -3.7 2.51e+002    -  1.30e-001 4.57e-002f  1
 416 6.4580406e+000 0.00e+000 1.28e-002  -3.7 1.38e+002    -  1.25e-001 3.29e-002f  2
 417 6.4510798e+000 0.00e+000 1.67e-002  -4.2 1.75e+002    -  2.87e-001 3.14e-002f  3
 418 6.4221992e+000 0.00e+000 1.44e-002  -9.8 7.71e+001    -  2.98e-001 1.56e-001f  1
 419 6.4161735e+000 0.00e+000 9.76e-003 -10.0 1.22e+003    -  1.56e-002 2.48e-003f  5
iter    objective    inf_pr   inf_du lg(mu)  ||d||  lg(rg) alpha_du alpha_pr  ls
 420 6.3966011e+000 0.00e+000 1.70e-003  -4.8 4.51e+001    -  6.16e-001 2.66e-001f  1
 421 6.3954748e+000 0.00e+000 4.75e-003 -10.3 4.01e+002    -  1.14e-001 4.75e-003f  6
 422 6.3888368e+000 0.00e+000 1.47e-003  -4.7 4.75e+002    -  2.16e-001 3.01e-002f  1
 423 6.8499290e+000 0.00e+000 5.37e-002  -2.4 2.62e+003    -  7.87e-003 5.01e-003f  1
 424 6.5510593e+000 0.00e+000 2.34e-002  -4.2 2.02e+001    -  2.29e-002 8.04e-001f  1
 425 6.4330510e+000 0.00e+000 7.98e-003  -4.2 7.86e+002    -  3.16e-002 1.26e-002f  1
 426 6.4251716e+000 0.00e+000 1.94e-002  -4.2 5.49e+002    -  1.63e-002 1.61e-002f  4
 427 6.4176270e+000 0.00e+000 1.61e-002  -4.2 1.57e+002    -  2.73e-002 1.29e-002f  4
 428 6.4095304e+000 0.00e+000 2.27e-002  -4.2 5.06e+001    -  2.35e-001 1.56e-001f  3
 429 6.4026264e+000 0.00e+000 1.42e-002  -4.2 1.95e+002    -  6.93e-002 1.73e-002f  4
iter    objective    inf_pr   inf_du lg(mu)  ||d||  lg(rg) alpha_du alpha_pr  ls
 430 6.3781666e+000 0.00e+000 1.57e-003  -4.2 1.09e+001    -  1.00e+000 1.00e+000f  1
 431 6.3766100e+000 0.00e+000 3.47e-003  -5.9 1.82e+000    -  9.59e-001 5.00e-001f  2
 432 6.3758248e+000 0.00e+000 3.64e-003  -5.5 2.52e+000    -  9.93e-001 2.50e-001f  3
 433 6.3750831e+000 0.00e+000 1.43e-003  -5.2 1.19e+001    -  1.00e+000 5.62e-002f  3
 434 6.3748866e+000 0.00e+000 1.98e-003  -5.2 7.89e+000    -  4.83e-001 6.25e-002f  5
 435 6.3744131e+000 0.00e+000 3.76e-003  -5.2 1.28e+001    -  9.23e-001 1.26e-001f  3
 436 6.3726804e+000 0.00e+000 3.26e-003  -6.6 2.77e+000    -  1.00e+000 6.83e-001f  1
 437 6.3721648e+000 0.00e+000 5.59e-003  -6.2 3.12e+001    -  1.00e+000 4.58e-002f  1
 438 6.3710465e+000 0.00e+000 6.34e-003  -6.2 4.60e+000    -  1.00e+000 2.49e-001f  1
 439 6.3709850e+000 0.00e+000 7.19e-003  -5.2 4.24e+000    -  8.26e-001 2.80e-001f  1
iter    objective    inf_pr   inf_du lg(mu)  ||d||  lg(rg) alpha_du alpha_pr  ls
 440 6.3916412e+000 0.00e+000 1.60e-003  -3.3 1.52e+002    -  4.96e-002 2.75e-001f  1
 441 6.3895169e+000 0.00e+000 7.06e-003  -4.5 1.05e+002    -  6.30e-002 1.26e-002f  4
 442 6.3776309e+000 0.00e+000 2.95e-003  -4.5 9.82e+000    -  1.00e+000 7.83e-001f  1
 443 6.3744973e+000 0.00e+000 2.02e-003  -4.5 3.99e+001    -  5.59e-001 2.22e-002f  1
 444 6.3741184e+000 0.00e+000 7.06e-003  -4.5 1.55e+001    -  3.50e-001 4.85e-001f  1
 445 6.3700716e+000 0.00e+000 5.40e-003  -4.5 3.08e+001    -  1.00e+000 1.50e-001f  1
 446 6.3688550e+000 0.00e+000 6.11e-003  -5.3 7.73e+001    -  2.33e-001 2.49e-002f  4
 447 6.3654247e+000 0.00e+000 1.73e-003  -5.1 2.93e+001    -  2.13e-001 2.24e-001f  2
 448 6.3644528e+000 0.00e+000 6.59e-003  -5.4 5.24e+000    -  9.99e-001 2.26e-001f  1
 449 6.3622560e+000 0.00e+000 6.65e-004  -4.1 1.86e+001    -  3.92e-001 1.69e-001f  1
iter    objective    inf_pr   inf_du lg(mu)  ||d||  lg(rg) alpha_du alpha_pr  ls
 450 6.3605909e+000 0.00e+000 7.10e-004 -10.5 5.19e+000    -  5.82e-001 3.56e-001f  1
 451 6.3589670e+000 0.00e+000 1.39e-003  -6.9 2.26e+001    -  3.87e-001 1.76e-001f  1
 452 6.3588785e+000 0.00e+000 5.78e-004  -5.9 4.70e+001    -  1.35e-001 1.73e-002f  4
 453 6.3585829e+000 0.00e+000 2.07e-003  -5.3 8.25e+000    -  7.55e-001 1.22e-001f  3
 454 6.3690345e+000 0.00e+000 4.57e-003  -3.2 2.11e+002    -  1.05e-001 6.22e-002f  1
 455 6.3683985e+000 0.00e+000 6.08e-003  -4.3 8.96e+001    -  5.68e-002 1.87e-002f  4
 456 6.3680443e+000 0.00e+000 2.63e-003  -4.3 5.36e+001    -  4.67e-001 2.30e-002f  4
 457 6.3595539e+000 0.00e+000 1.41e-003  -4.3 2.72e+001    -  4.99e-001 5.19e-001f  1
 458 6.3569284e+000 0.00e+000 1.85e-003  -4.3 1.32e+002    -  3.82e-001 5.88e-002f  1
 459 6.3542619e+000 0.00e+000 6.60e-004 -10.2 2.57e+001    -  2.45e-001 3.14e-001f  1
iter    objective    inf_pr   inf_du lg(mu)  ||d||  lg(rg) alpha_du alpha_pr  ls
 460 6.3541766e+000 0.00e+000 2.06e-003  -4.9 4.88e+001    -  2.15e-001 1.78e-002f  3
 461 6.3526092e+000 0.00e+000 3.87e-003 -10.4 3.51e+000    -  2.82e-001 2.52e-001f  1
 462 6.3511132e+000 0.00e+000 3.61e-003  -5.0 4.76e+001    -  1.30e-001 3.53e-002f  3
 463 6.3504917e+000 0.00e+000 4.48e-003  -4.7 1.02e+002    -  1.05e-001 1.01e-002f  1
 464 6.3491397e+000 0.00e+000 2.31e-003 -10.6 1.31e+001    -  3.35e-001 8.28e-002f  1
 465 6.3483176e+000 0.00e+000 1.04e-003  -5.2 2.63e+001    -  4.53e-001 2.77e-001f  1
 466 6.3480583e+000 0.00e+000 2.68e-003  -7.0 7.09e+001    -  1.26e-001 8.31e-002f  2
 467 6.3466314e+000 0.00e+000 1.17e-003  -4.7 3.70e+001    -  3.98e-001 9.14e-002f  3
 468 6.3451387e+000 0.00e+000 5.15e-003  -6.8 1.17e+002    -  8.26e-002 2.17e-002f  2
 469 6.3400520e+000 0.00e+000 5.23e-003  -4.6 2.74e+002    -  1.64e-001 4.58e-002f  1
iter    objective    inf_pr   inf_du lg(mu)  ||d||  lg(rg) alpha_du alpha_pr  ls
 470 6.3403903e+000 0.00e+000 7.43e-004  -3.7 3.32e+002    -  9.92e-002 1.43e-002f  1
 471 6.3388628e+000 0.00e+000 1.04e-003  -4.6 2.95e+001    -  5.54e-001 9.38e-002f  2
 472 6.3339691e+000 0.00e+000 9.45e-004 -10.5 1.72e+001    -  1.98e-001 2.05e-001f  1
 473 6.3329724e+000 0.00e+000 4.43e-003  -5.5 1.15e+002    -  1.29e-001 7.03e-002f  2
 474 6.3321626e+000 0.00e+000 3.76e-003  -4.7 7.14e+001    -  3.86e-001 1.40e-002f  5
 475 6.3284277e+000 0.00e+000 2.88e-003  -6.2 1.50e+001    -  7.46e-001 2.03e-001f  1
 476 6.3268471e+000 0.00e+000 6.02e-003  -4.0 4.41e+002    -  4.70e-002 1.47e-002f  3
 477 6.4322571e+000 0.00e+000 5.20e-002  -3.0 2.64e+002    -  6.04e-002 7.15e-002f  2
 478 6.4203981e+000 0.00e+000 4.76e-002  -4.2 2.16e+002    -  1.22e-001 4.05e-002f  1
 479 6.3770164e+000 0.00e+000 3.18e-002  -4.2 4.87e+001    -  1.32e-001 1.04e-001f  1
iter    objective    inf_pr   inf_du lg(mu)  ||d||  lg(rg) alpha_du alpha_pr  ls
 480 6.3659433e+000 0.00e+000 2.50e-002  -4.2 1.12e+002    -  2.79e-002 7.56e-002f  2
 481 6.3607116e+000 0.00e+000 2.23e-002  -4.2 2.02e+002    -  4.32e-002 1.75e-002f  1
 482 6.3419777e+000 0.00e+000 4.90e-003  -4.2 2.16e+002    -  6.60e-002 5.58e-002f  2
 483 6.3410273e+000 0.00e+000 7.98e-003  -4.2 2.36e+002    -  4.86e-002 9.88e-003f  4
 484 6.3281412e+000 0.00e+000 2.80e-003  -4.2 4.15e+001    -  2.58e-001 2.62e-001f  1
 485 6.3125488e+000 0.00e+000 1.45e-003  -4.2 2.16e+002    -  2.80e-001 4.71e-002f  1
 486 6.3114627e+000 0.00e+000 9.33e-003 -10.2 7.14e+002    -  3.52e-002 5.40e-003f  3
 487 6.3843395e+000 0.00e+000 3.21e-002  -2.2 1.53e+003    -  3.35e-002 2.02e-002f  1
 488 6.3836535e+000 0.00e+000 3.19e-002  -3.7 1.87e+002    -  9.42e-002 5.13e-003f  5
 489 6.3737407e+000 0.00e+000 3.85e-003  -3.7 6.39e+001    -  5.55e-001 2.76e-001f  1
iter    objective    inf_pr   inf_du lg(mu)  ||d||  lg(rg) alpha_du alpha_pr  ls
 490 6.3621005e+000 0.00e+000 1.40e-002  -3.7 4.40e+002    -  7.95e-002 5.77e-002f  2
 491 6.3573724e+000 0.00e+000 2.14e-002  -3.7 2.69e+002    -  6.07e-002 1.08e-002f  2
 492 6.3407221e+000 0.00e+000 2.17e-002  -3.7 2.44e+002    -  3.67e-001 2.44e-002f  1
 493 6.3201642e+000 0.00e+000 1.93e-002  -3.7 1.69e+002    -  3.78e-001 9.79e-002f  2
 494 6.3105804e+000 0.00e+000 9.01e-003  -3.7 4.36e+002    -  1.16e-001 2.51e-002f  2
 495 6.2971386e+000 0.00e+000 3.43e-003  -9.7 5.45e+002    -  1.74e-001 2.60e-002f  3
 496 6.2954106e+000 0.00e+000 5.37e-003  -9.7 4.43e+002    -  1.40e-002 2.38e-003f  4
 497 6.2909133e+000 0.00e+000 3.82e-003  -3.9 4.01e+000    -  9.98e-001 1.79e-001f  1
 498 6.2899676e+000 0.00e+000 1.07e-002  -5.1 2.37e+002    -  1.37e-001 1.23e-002f  4
 499 6.2879846e+000 0.00e+000 9.45e-003  -5.5 1.06e+002    -  1.30e-001 2.75e-002f  3
iter    objective    inf_pr   inf_du lg(mu)  ||d||  lg(rg) alpha_du alpha_pr  ls
 500 6.2758714e+000 0.00e+000 3.17e-003  -4.4 1.41e+002    -  4.73e-001 4.15e-001f  1

Number of Iterations....: 500

                                   (scaled)                 (unscaled)
Objective...............:  6.2758714435536600e+000   6.2758714435536600e+000
Dual infeasibility......:  3.1746943618099414e-003   3.1746943618099414e-003
Constraint violation....:  0.0000000000000000e+000   0.0000000000000000e+000
Complementarity.........:  3.2694232764271622e-004   3.2694232764271622e-004
Overall NLP error.......:  3.1746943618099414e-003   3.1746943618099414e-003


Number of objective function evaluations             = 1663
Number of objective gradient evaluations             = 501
Number of equality constraint evaluations            = 0
Number of inequality constraint evaluations          = 0
Number of equality constraint Jacobian evaluations   = 0
Number of inequality constraint Jacobian evaluations = 0
Number of Lagrangian Hessian evaluations             = 0
Total CPU secs in IPOPT (w/o function evaluations)   =      8.979
Total CPU secs in NLP function evaluations           =   1272.509

EXIT: Maximum Number of Iterations Exceeded.
